#! /usr/bin/vvp
:ivl_version "10.3 (stable)";
:ivl_delay_selection "TYPICAL";
:vpi_time_precision + 0;
:vpi_module "system";
:vpi_module "vhdl_sys";
:vpi_module "v2005_math";
:vpi_module "va_math";
S_0x5637833a0b00 .scope module, "top" "top" 2 1;
 .timescale 0 0;
    .port_info 0 /INPUT 1 "sysclk"
    .port_info 1 /INPUT 1 "button_in"
    .port_info 2 /INPUT 16 "student_id"
    .port_info 3 /OUTPUT 4 "D5_out"
    .port_info 4 /OUTPUT 4 "D4_out"
    .port_info 5 /OUTPUT 4 "D3_out"
    .port_info 6 /OUTPUT 4 "D2_out"
    .port_info 7 /OUTPUT 4 "D1_out"
v0x5637833f7030_0 .net "D1_out", 3 0, L_0x563783408350;  1 drivers
v0x5637833f7120_0 .net "D2_out", 3 0, L_0x563783408260;  1 drivers
v0x5637833f71f0_0 .net "D3_out", 3 0, L_0x5637834081a0;  1 drivers
v0x5637833f72f0_0 .net "D4_out", 3 0, L_0x5637834080c0;  1 drivers
v0x5637833f73c0_0 .net "D5_out", 3 0, L_0x563783408030;  1 drivers
o0x7f6e29ac16d8 .functor BUFZ 1, C4<z>; HiZ drive
v0x5637833f74b0_0 .net "button_in", 0 0, o0x7f6e29ac16d8;  0 drivers
v0x5637833f7580_0 .net "button_out", 0 0, L_0x5637833c1c80;  1 drivers
o0x7f6e29ac1bb8 .functor BUFZ 1, C4<z>; HiZ drive
v0x5637833f7650_0 .net "clk", 0 0, o0x7f6e29ac1bb8;  0 drivers
v0x5637833f7720_0 .net "clk_500Hz", 0 0, L_0x5637833c1aa0;  1 drivers
v0x5637833f7880_0 .net "clk_5s", 0 0, L_0x5637833c1b90;  1 drivers
v0x5637833f7920_0 .net "cur_hash", 15 0, L_0x563783407f70;  1 drivers
L_0x7f6e29a78018 .functor BUFT 1, C4<0000000000000000>, C4<0>, C4<0>, C4<0>;
RS_0x7f6e29ac18b8 .resolv tri, L_0x7f6e29a78018, v0x5637833f6f00_0;
v0x5637833f7a10_0 .net8 "cur_time", 15 0, RS_0x7f6e29ac18b8;  2 drivers
v0x5637833f7b00_0 .var "enable", 0 0;
o0x7f6e29ac18e8 .functor BUFZ 16, C4<zzzzzzzzzzzzzzzz>; HiZ drive
v0x5637833f7ba0_0 .net "student_id", 15 0, o0x7f6e29ac18e8;  0 drivers
o0x7f6e29ac1708 .functor BUFZ 1, C4<z>; HiZ drive
v0x5637833f7c40_0 .net "sysclk", 0 0, o0x7f6e29ac1708;  0 drivers
S_0x5637833a07b0 .scope module, "BCD" "b16toBCD" 2 51, 3 1 0, S_0x5637833a0b00;
 .timescale 0 0;
    .port_info 0 /INPUT 16 "to_display"
    .port_info 1 /INPUT 1 "enable"
    .port_info 2 /OUTPUT 4 "D5"
    .port_info 3 /OUTPUT 4 "D4"
    .port_info 4 /OUTPUT 4 "D3"
    .port_info 5 /OUTPUT 4 "D2"
    .port_info 6 /OUTPUT 4 "D1"
L_0x563783408030 .functor BUFZ 4, v0x5637833f4ce0_0, C4<0000>, C4<0000>, C4<0000>;
L_0x5637834080c0 .functor BUFZ 4, v0x5637833f4c00_0, C4<0000>, C4<0000>, C4<0000>;
L_0x5637834081a0 .functor BUFZ 4, v0x5637833f4b20_0, C4<0000>, C4<0000>, C4<0000>;
L_0x563783408260 .functor BUFZ 4, v0x5637833f4a40_0, C4<0000>, C4<0000>, C4<0000>;
L_0x563783408350 .functor BUFZ 4, v0x5637833f4960_0, C4<0000>, C4<0000>, C4<0000>;
v0x5637833f3650_0 .var "ACC1", 3 0;
v0x5637833f3730_0 .var "ACC2", 3 0;
v0x5637833f3810_0 .var "ACC3", 3 0;
v0x5637833f38d0_0 .var "ACC4", 3 0;
v0x5637833f39b0_0 .var "ACC5", 3 0;
v0x5637833f3ae0_0 .net "D1", 3 0, L_0x563783408350;  alias, 1 drivers
v0x5637833f3bc0_0 .net "D2", 3 0, L_0x563783408260;  alias, 1 drivers
v0x5637833f3ca0_0 .net "D3", 3 0, L_0x5637834081a0;  alias, 1 drivers
v0x5637833f3d80_0 .net "D4", 3 0, L_0x5637834080c0;  alias, 1 drivers
v0x5637833f3ef0_0 .net "D5", 3 0, L_0x563783408030;  alias, 1 drivers
v0x5637833f3fd0_0 .var "carry", 0 0;
v0x5637833f4090_0 .net "enable", 0 0, v0x5637833f7b00_0;  1 drivers
v0x5637833f4150_0 .var/i "i", 31 0;
v0x5637833f4230_0 .var/i "j", 31 0;
v0x5637833f4310_0 .var "sum", 4 0;
v0x5637833f43f0_0 .var "tmp1", 3 0;
v0x5637833f44d0_0 .var "tmp2", 3 0;
v0x5637833f46c0_0 .var "tmp3", 3 0;
v0x5637833f47a0_0 .var "tmp4", 3 0;
v0x5637833f4880_0 .var "tmp5", 3 0;
v0x5637833f4960_0 .var "tmpD1", 3 0;
v0x5637833f4a40_0 .var "tmpD2", 3 0;
v0x5637833f4b20_0 .var "tmpD3", 3 0;
v0x5637833f4c00_0 .var "tmpD4", 3 0;
v0x5637833f4ce0_0 .var "tmpD5", 3 0;
v0x5637833f4dc0_0 .net "to_display", 15 0, L_0x563783407f70;  alias, 1 drivers
E_0x5637833b0e60 .event edge, v0x5637833f4dc0_0;
S_0x5637833c1010 .scope task, "addBCD" "addBCD" 3 47, 3 47 0, S_0x5637833a07b0;
 .timescale 0 0;
TD_top.BCD.addBCD ;
    %pushi/vec4 0, 0, 1;
    %store/vec4 v0x5637833f3fd0_0, 0, 1;
    %load/vec4 v0x5637833f43f0_0;
    %store/vec4 v0x5637833f3110_0, 0, 4;
    %load/vec4 v0x5637833f3650_0;
    %store/vec4 v0x5637833f31f0_0, 0, 4;
    %pushi/vec4 0, 0, 4;
    %store/vec4 v0x5637833d55c0_0, 0, 4;
    %fork TD_top.BCD.addBCD_1_digit, S_0x5637833c11e0;
    %join;
    %load/vec4 v0x5637833f4310_0;
    %pad/u 4;
    %store/vec4 v0x5637833f3650_0, 0, 4;
    %load/vec4 v0x5637833f44d0_0;
    %store/vec4 v0x5637833f3110_0, 0, 4;
    %load/vec4 v0x5637833f3730_0;
    %store/vec4 v0x5637833f31f0_0, 0, 4;
    %load/vec4 v0x5637833f3fd0_0;
    %pad/u 4;
    %store/vec4 v0x5637833d55c0_0, 0, 4;
    %fork TD_top.BCD.addBCD_1_digit, S_0x5637833c11e0;
    %join;
    %load/vec4 v0x5637833f4310_0;
    %pad/u 4;
    %store/vec4 v0x5637833f3730_0, 0, 4;
    %load/vec4 v0x5637833f46c0_0;
    %store/vec4 v0x5637833f3110_0, 0, 4;
    %load/vec4 v0x5637833f3810_0;
    %store/vec4 v0x5637833f31f0_0, 0, 4;
    %load/vec4 v0x5637833f3fd0_0;
    %pad/u 4;
    %store/vec4 v0x5637833d55c0_0, 0, 4;
    %fork TD_top.BCD.addBCD_1_digit, S_0x5637833c11e0;
    %join;
    %load/vec4 v0x5637833f4310_0;
    %pad/u 4;
    %store/vec4 v0x5637833f3810_0, 0, 4;
    %load/vec4 v0x5637833f47a0_0;
    %store/vec4 v0x5637833f3110_0, 0, 4;
    %load/vec4 v0x5637833f38d0_0;
    %store/vec4 v0x5637833f31f0_0, 0, 4;
    %load/vec4 v0x5637833f3fd0_0;
    %pad/u 4;
    %store/vec4 v0x5637833d55c0_0, 0, 4;
    %fork TD_top.BCD.addBCD_1_digit, S_0x5637833c11e0;
    %join;
    %load/vec4 v0x5637833f4310_0;
    %pad/u 4;
    %store/vec4 v0x5637833f38d0_0, 0, 4;
    %load/vec4 v0x5637833f4880_0;
    %store/vec4 v0x5637833f3110_0, 0, 4;
    %load/vec4 v0x5637833f39b0_0;
    %store/vec4 v0x5637833f31f0_0, 0, 4;
    %load/vec4 v0x5637833f3fd0_0;
    %pad/u 4;
    %store/vec4 v0x5637833d55c0_0, 0, 4;
    %fork TD_top.BCD.addBCD_1_digit, S_0x5637833c11e0;
    %join;
    %load/vec4 v0x5637833f4310_0;
    %pad/u 4;
    %store/vec4 v0x5637833f39b0_0, 0, 4;
    %end;
S_0x5637833c11e0 .scope task, "addBCD_1_digit" "addBCD_1_digit" 3 34, 3 34 0, S_0x5637833a07b0;
 .timescale 0 0;
v0x5637833d55c0_0 .var "crry", 3 0;
v0x5637833f3110_0 .var "fst", 3 0;
v0x5637833f31f0_0 .var "snd", 3 0;
TD_top.BCD.addBCD_1_digit ;
    %load/vec4 v0x5637833f3110_0;
    %pad/u 5;
    %load/vec4 v0x5637833f31f0_0;
    %pad/u 5;
    %add;
    %load/vec4 v0x5637833d55c0_0;
    %pad/u 5;
    %add;
    %store/vec4 v0x5637833f4310_0, 0, 5;
    %pushi/vec4 0, 0, 1;
    %store/vec4 v0x5637833f3fd0_0, 0, 1;
    %pushi/vec4 10, 0, 32;
    %load/vec4 v0x5637833f4310_0;
    %pad/u 32;
    %cmp/u;
    %flag_or 5, 4;
    %jmp/0xz  T_1.0, 5;
    %pushi/vec4 1, 0, 1;
    %store/vec4 v0x5637833f3fd0_0, 0, 1;
    %load/vec4 v0x5637833f4310_0;
    %subi 10, 0, 5;
    %store/vec4 v0x5637833f4310_0, 0, 5;
T_1.0 ;
    %end;
S_0x5637833f32b0 .scope task, "convertTo2sPower" "convertTo2sPower" 3 66, 3 66 0, S_0x5637833a07b0;
 .timescale 0 0;
TD_top.BCD.convertTo2sPower ;
    %load/vec4 v0x5637833f4dc0_0;
    %load/vec4 v0x5637833f4150_0;
    %part/s 1;
    %flag_set/vec4 8;
    %jmp/0xz  T_2.2, 8;
    %pushi/vec4 0, 0, 4;
    %store/vec4 v0x5637833f4880_0, 0, 4;
    %pushi/vec4 0, 0, 4;
    %store/vec4 v0x5637833f47a0_0, 0, 4;
    %pushi/vec4 0, 0, 4;
    %store/vec4 v0x5637833f46c0_0, 0, 4;
    %pushi/vec4 0, 0, 4;
    %store/vec4 v0x5637833f44d0_0, 0, 4;
    %pushi/vec4 1, 0, 4;
    %store/vec4 v0x5637833f43f0_0, 0, 4;
    %pushi/vec4 1, 0, 32;
    %store/vec4 v0x5637833f4230_0, 0, 32;
T_2.4 ;
    %load/vec4 v0x5637833f4230_0;
    %load/vec4 v0x5637833f4150_0;
    %addi 1, 0, 32;
    %cmp/s;
    %jmp/0xz T_2.5, 5;
    %load/vec4 v0x5637833f4880_0;
    %pad/u 32;
    %cmpi/u 5, 0, 32;
    %flag_mov 8, 5;
    %jmp/0 T_2.6, 8;
    %load/vec4 v0x5637833f47a0_0;
    %pad/u 32;
    %cmpi/u 5, 0, 32;
    %flag_mov 9, 5;
    %jmp/0 T_2.8, 9;
    %load/vec4 v0x5637833f4880_0;
    %muli 2, 0, 4;
    %jmp/1 T_2.9, 9;
T_2.8 ; End of true expr.
    %load/vec4 v0x5637833f4880_0;
    %muli 2, 0, 4;
    %addi 1, 0, 4;
    %jmp/0 T_2.9, 9;
 ; End of false expr.
    %blend;
T_2.9;
    %jmp/1 T_2.7, 8;
T_2.6 ; End of true expr.
    %load/vec4 v0x5637833f47a0_0;
    %pad/u 32;
    %cmpi/u 5, 0, 32;
    %flag_mov 9, 5;
    %jmp/0 T_2.10, 9;
    %load/vec4 v0x5637833f4880_0;
    %subi 5, 0, 4;
    %muli 2, 0, 4;
    %jmp/1 T_2.11, 9;
T_2.10 ; End of true expr.
    %load/vec4 v0x5637833f4880_0;
    %subi 5, 0, 4;
    %muli 2, 0, 4;
    %addi 1, 0, 4;
    %jmp/0 T_2.11, 9;
 ; End of false expr.
    %blend;
T_2.11;
    %jmp/0 T_2.7, 8;
 ; End of false expr.
    %blend;
T_2.7;
    %store/vec4 v0x5637833f4880_0, 0, 4;
    %load/vec4 v0x5637833f47a0_0;
    %pad/u 32;
    %cmpi/u 5, 0, 32;
    %flag_mov 8, 5;
    %jmp/0 T_2.12, 8;
    %load/vec4 v0x5637833f46c0_0;
    %pad/u 32;
    %cmpi/u 5, 0, 32;
    %flag_mov 9, 5;
    %jmp/0 T_2.14, 9;
    %load/vec4 v0x5637833f47a0_0;
    %muli 2, 0, 4;
    %jmp/1 T_2.15, 9;
T_2.14 ; End of true expr.
    %load/vec4 v0x5637833f47a0_0;
    %muli 2, 0, 4;
    %addi 1, 0, 4;
    %jmp/0 T_2.15, 9;
 ; End of false expr.
    %blend;
T_2.15;
    %jmp/1 T_2.13, 8;
T_2.12 ; End of true expr.
    %load/vec4 v0x5637833f46c0_0;
    %pad/u 32;
    %cmpi/u 5, 0, 32;
    %flag_mov 9, 5;
    %jmp/0 T_2.16, 9;
    %load/vec4 v0x5637833f47a0_0;
    %subi 5, 0, 4;
    %muli 2, 0, 4;
    %jmp/1 T_2.17, 9;
T_2.16 ; End of true expr.
    %load/vec4 v0x5637833f47a0_0;
    %subi 5, 0, 4;
    %muli 2, 0, 4;
    %addi 1, 0, 4;
    %jmp/0 T_2.17, 9;
 ; End of false expr.
    %blend;
T_2.17;
    %jmp/0 T_2.13, 8;
 ; End of false expr.
    %blend;
T_2.13;
    %store/vec4 v0x5637833f47a0_0, 0, 4;
    %load/vec4 v0x5637833f46c0_0;
    %pad/u 32;
    %cmpi/u 5, 0, 32;
    %flag_mov 8, 5;
    %jmp/0 T_2.18, 8;
    %load/vec4 v0x5637833f44d0_0;
    %pad/u 32;
    %cmpi/u 5, 0, 32;
    %flag_mov 9, 5;
    %jmp/0 T_2.20, 9;
    %load/vec4 v0x5637833f46c0_0;
    %muli 2, 0, 4;
    %jmp/1 T_2.21, 9;
T_2.20 ; End of true expr.
    %load/vec4 v0x5637833f46c0_0;
    %muli 2, 0, 4;
    %addi 1, 0, 4;
    %jmp/0 T_2.21, 9;
 ; End of false expr.
    %blend;
T_2.21;
    %jmp/1 T_2.19, 8;
T_2.18 ; End of true expr.
    %load/vec4 v0x5637833f44d0_0;
    %pad/u 32;
    %cmpi/u 5, 0, 32;
    %flag_mov 9, 5;
    %jmp/0 T_2.22, 9;
    %load/vec4 v0x5637833f46c0_0;
    %subi 5, 0, 4;
    %muli 2, 0, 4;
    %jmp/1 T_2.23, 9;
T_2.22 ; End of true expr.
    %load/vec4 v0x5637833f46c0_0;
    %subi 5, 0, 4;
    %muli 2, 0, 4;
    %addi 1, 0, 4;
    %jmp/0 T_2.23, 9;
 ; End of false expr.
    %blend;
T_2.23;
    %jmp/0 T_2.19, 8;
 ; End of false expr.
    %blend;
T_2.19;
    %store/vec4 v0x5637833f46c0_0, 0, 4;
    %load/vec4 v0x5637833f44d0_0;
    %pad/u 32;
    %cmpi/u 5, 0, 32;
    %flag_mov 8, 5;
    %jmp/0 T_2.24, 8;
    %load/vec4 v0x5637833f43f0_0;
    %pad/u 32;
    %cmpi/u 5, 0, 32;
    %flag_mov 9, 5;
    %jmp/0 T_2.26, 9;
    %load/vec4 v0x5637833f44d0_0;
    %muli 2, 0, 4;
    %jmp/1 T_2.27, 9;
T_2.26 ; End of true expr.
    %load/vec4 v0x5637833f44d0_0;
    %muli 2, 0, 4;
    %addi 1, 0, 4;
    %jmp/0 T_2.27, 9;
 ; End of false expr.
    %blend;
T_2.27;
    %jmp/1 T_2.25, 8;
T_2.24 ; End of true expr.
    %load/vec4 v0x5637833f43f0_0;
    %pad/u 32;
    %cmpi/u 5, 0, 32;
    %flag_mov 9, 5;
    %jmp/0 T_2.28, 9;
    %load/vec4 v0x5637833f44d0_0;
    %subi 5, 0, 4;
    %muli 2, 0, 4;
    %jmp/1 T_2.29, 9;
T_2.28 ; End of true expr.
    %load/vec4 v0x5637833f44d0_0;
    %subi 5, 0, 4;
    %muli 2, 0, 4;
    %addi 1, 0, 4;
    %jmp/0 T_2.29, 9;
 ; End of false expr.
    %blend;
T_2.29;
    %jmp/0 T_2.25, 8;
 ; End of false expr.
    %blend;
T_2.25;
    %store/vec4 v0x5637833f44d0_0, 0, 4;
    %load/vec4 v0x5637833f43f0_0;
    %pad/u 32;
    %cmpi/u 5, 0, 32;
    %flag_mov 8, 5;
    %jmp/0 T_2.30, 8;
    %load/vec4 v0x5637833f43f0_0;
    %muli 2, 0, 4;
    %jmp/1 T_2.31, 8;
T_2.30 ; End of true expr.
    %load/vec4 v0x5637833f43f0_0;
    %subi 5, 0, 4;
    %muli 2, 0, 4;
    %jmp/0 T_2.31, 8;
 ; End of false expr.
    %blend;
T_2.31;
    %store/vec4 v0x5637833f43f0_0, 0, 4;
    %load/vec4 v0x5637833f4230_0;
    %addi 1, 0, 32;
    %store/vec4 v0x5637833f4230_0, 0, 32;
    %jmp T_2.4;
T_2.5 ;
    %jmp T_2.3;
T_2.2 ;
    %pushi/vec4 0, 0, 4;
    %store/vec4 v0x5637833f4880_0, 0, 4;
    %pushi/vec4 0, 0, 4;
    %store/vec4 v0x5637833f47a0_0, 0, 4;
    %pushi/vec4 0, 0, 4;
    %store/vec4 v0x5637833f46c0_0, 0, 4;
    %pushi/vec4 0, 0, 4;
    %store/vec4 v0x5637833f44d0_0, 0, 4;
    %pushi/vec4 0, 0, 4;
    %store/vec4 v0x5637833f43f0_0, 0, 4;
T_2.3 ;
    %end;
S_0x5637833f3480 .scope task, "convertToBCD" "convertToBCD" 3 92, 3 92 0, S_0x5637833a07b0;
 .timescale 0 0;
TD_top.BCD.convertToBCD ;
    %pushi/vec4 0, 0, 4;
    %store/vec4 v0x5637833f39b0_0, 0, 4;
    %pushi/vec4 0, 0, 4;
    %store/vec4 v0x5637833f38d0_0, 0, 4;
    %pushi/vec4 0, 0, 4;
    %store/vec4 v0x5637833f3810_0, 0, 4;
    %pushi/vec4 0, 0, 4;
    %store/vec4 v0x5637833f3730_0, 0, 4;
    %pushi/vec4 0, 0, 4;
    %store/vec4 v0x5637833f3650_0, 0, 4;
    %pushi/vec4 0, 0, 32;
    %store/vec4 v0x5637833f4150_0, 0, 32;
T_3.32 ;
    %load/vec4 v0x5637833f4150_0;
    %cmpi/s 16, 0, 32;
    %jmp/0xz T_3.33, 5;
    %fork TD_top.BCD.convertTo2sPower, S_0x5637833f32b0;
    %join;
    %fork TD_top.BCD.addBCD, S_0x5637833c1010;
    %join;
    %load/vec4 v0x5637833f4150_0;
    %addi 1, 0, 32;
    %store/vec4 v0x5637833f4150_0, 0, 32;
    %jmp T_3.32;
T_3.33 ;
    %load/vec4 v0x5637833f39b0_0;
    %store/vec4 v0x5637833f4ce0_0, 0, 4;
    %load/vec4 v0x5637833f38d0_0;
    %store/vec4 v0x5637833f4c00_0, 0, 4;
    %load/vec4 v0x5637833f3810_0;
    %store/vec4 v0x5637833f4b20_0, 0, 4;
    %load/vec4 v0x5637833f3730_0;
    %store/vec4 v0x5637833f4a40_0, 0, 4;
    %load/vec4 v0x5637833f3650_0;
    %store/vec4 v0x5637833f4960_0, 0, 4;
    %end;
S_0x5637833f4f80 .scope module, "FSM" "buttonFsm" 2 30, 4 1 0, S_0x5637833a0b00;
 .timescale 0 0;
    .port_info 0 /INPUT 1 "clk"
    .port_info 1 /INPUT 1 "button"
    .port_info 2 /OUTPUT 1 "stateful_button"
P_0x5637833f5120 .param/l "S0" 1 4 7, C4<00>;
P_0x5637833f5160 .param/l "S1" 1 4 8, C4<01>;
P_0x5637833f51a0 .param/l "S2" 1 4 9, C4<10>;
P_0x5637833f51e0 .param/l "S3" 1 4 10, C4<11>;
L_0x5637833c1c80 .functor BUFZ 1, v0x5637833f56e0_0, C4<0>, C4<0>, C4<0>;
v0x5637833f5480_0 .net "button", 0 0, o0x7f6e29ac16d8;  alias, 0 drivers
v0x5637833f5560_0 .net "clk", 0 0, o0x7f6e29ac1708;  alias, 0 drivers
v0x5637833f5620_0 .var "curr", 2 0;
v0x5637833f56e0_0 .var "out", 0 0;
v0x5637833f57a0_0 .net "stateful_button", 0 0, L_0x5637833c1c80;  alias, 1 drivers
E_0x5637833aef30 .event posedge, v0x5637833f5560_0;
S_0x5637833f5930 .scope module, "HASH" "hasher" 2 43, 5 1 0, S_0x5637833a0b00;
 .timescale 0 0;
    .port_info 0 /INPUT 1 "clk"
    .port_info 1 /INPUT 16 "cur_time"
    .port_info 2 /INPUT 16 "student_id"
    .port_info 3 /OUTPUT 16 "cur_hash"
L_0x563783407f70 .functor BUFZ 16, v0x5637833f5ca0_0, C4<0000000000000000>, C4<0000000000000000>, C4<0000000000000000>;
v0x5637833f5b20_0 .net "clk", 0 0, L_0x5637833c1b90;  alias, 1 drivers
v0x5637833f5be0_0 .net "cur_hash", 15 0, L_0x563783407f70;  alias, 1 drivers
v0x5637833f5ca0_0 .var "cur_hash_tmp", 15 0;
v0x5637833f5d70_0 .net8 "cur_time", 15 0, RS_0x7f6e29ac18b8;  alias, 2 drivers
v0x5637833f5e50_0 .net "student_id", 15 0, o0x7f6e29ac18e8;  alias, 0 drivers
E_0x5637833ab690 .event posedge, v0x5637833f5b20_0;
S_0x5637833f6000 .scope module, "RTC" "rtcClkDivider" 2 23, 6 1 0, S_0x5637833a0b00;
 .timescale 0 0;
    .port_info 0 /INPUT 1 "sys_clk"
    .port_info 1 /OUTPUT 1 "clk_500Hz"
    .port_info 2 /OUTPUT 1 "clk_5s"
P_0x5637833f61d0 .param/l "KEYCHANGE_PERIOD" 0 6 9, +C4<00000000000000000000000000000101>;
L_0x5637833c1aa0 .functor BUFZ 1, v0x5637833f6320_0, C4<0>, C4<0>, C4<0>;
L_0x5637833c1b90 .functor BUFZ 1, v0x5637833f6400_0, C4<0>, C4<0>, C4<0>;
v0x5637833f6320_0 .var "clk500Hz", 0 0;
v0x5637833f6400_0 .var "clk5s", 0 0;
v0x5637833f64c0_0 .net "clk_500Hz", 0 0, L_0x5637833c1aa0;  alias, 1 drivers
v0x5637833f6590_0 .net "clk_5s", 0 0, L_0x5637833c1b90;  alias, 1 drivers
v0x5637833f6660_0 .var/i "counter1", 31 0;
v0x5637833f6770_0 .var/i "counter2", 31 0;
v0x5637833f6850_0 .var/i "period1", 31 0;
v0x5637833f6930_0 .var/i "period2", 31 0;
v0x5637833f6a10_0 .net "sys_clk", 0 0, o0x7f6e29ac1708;  alias, 0 drivers
E_0x5637833d54f0 .event edge, v0x5637833f5560_0;
S_0x5637833f6b10 .scope module, "TIME" "timekeeper" 2 37, 7 1 0, S_0x5637833a0b00;
 .timescale 0 0;
    .port_info 0 /INPUT 1 "clk"
    .port_info 1 /OUTPUT 16 "cur_time"
v0x5637833f6d60_0 .net "clk", 0 0, o0x7f6e29ac1bb8;  alias, 0 drivers
v0x5637833f6e40_0 .net8 "cur_time", 15 0, RS_0x7f6e29ac18b8;  alias, 2 drivers
v0x5637833f6f00_0 .var "currt", 15 0;
E_0x5637833f6ce0 .event posedge, v0x5637833f6d60_0;
    .scope S_0x5637833f6000;
T_4 ;
    %pushi/vec4 0, 0, 32;
    %store/vec4 v0x5637833f6660_0, 0, 32;
    %pushi/vec4 0, 0, 32;
    %store/vec4 v0x5637833f6770_0, 0, 32;
    %pushi/vec4 1, 0, 1;
    %store/vec4 v0x5637833f6320_0, 0, 1;
    %pushi/vec4 1, 0, 1;
    %store/vec4 v0x5637833f6400_0, 0, 1;
    %pushi/vec4 2000, 0, 32;
    %store/vec4 v0x5637833f6850_0, 0, 32;
    %pushi/vec4 5000000, 0, 32;
    %store/vec4 v0x5637833f6930_0, 0, 32;
    %end;
    .thread T_4;
    .scope S_0x5637833f6000;
T_5 ;
    %wait E_0x5637833d54f0;
    %load/vec4 v0x5637833f6660_0;
    %load/vec4 v0x5637833f6850_0;
    %cmp/e;
    %jmp/0xz  T_5.0, 4;
    %load/vec4 v0x5637833f6320_0;
    %inv;
    %assign/vec4 v0x5637833f6320_0, 0;
    %pushi/vec4 0, 0, 32;
    %assign/vec4 v0x5637833f6660_0, 0;
    %jmp T_5.1;
T_5.0 ;
    %load/vec4 v0x5637833f6660_0;
    %addi 1, 0, 32;
    %assign/vec4 v0x5637833f6660_0, 0;
T_5.1 ;
    %load/vec4 v0x5637833f6770_0;
    %load/vec4 v0x5637833f6930_0;
    %cmp/e;
    %jmp/0xz  T_5.2, 4;
    %load/vec4 v0x5637833f6400_0;
    %inv;
    %assign/vec4 v0x5637833f6400_0, 0;
    %pushi/vec4 0, 0, 32;
    %assign/vec4 v0x5637833f6770_0, 0;
    %jmp T_5.3;
T_5.2 ;
    %load/vec4 v0x5637833f6770_0;
    %addi 1, 0, 32;
    %assign/vec4 v0x5637833f6770_0, 0;
T_5.3 ;
    %jmp T_5;
    .thread T_5, $push;
    .scope S_0x5637833f4f80;
T_6 ;
    %pushi/vec4 0, 0, 1;
    %assign/vec4 v0x5637833f56e0_0, 0;
    %pushi/vec4 0, 0, 3;
    %assign/vec4 v0x5637833f5620_0, 0;
    %end;
    .thread T_6;
    .scope S_0x5637833f4f80;
T_7 ;
    %wait E_0x5637833aef30;
    %load/vec4 v0x5637833f5620_0;
    %dup/vec4;
    %pushi/vec4 0, 0, 3;
    %cmp/u;
    %jmp/1 T_7.0, 6;
    %dup/vec4;
    %pushi/vec4 1, 0, 3;
    %cmp/u;
    %jmp/1 T_7.1, 6;
    %dup/vec4;
    %pushi/vec4 2, 0, 3;
    %cmp/u;
    %jmp/1 T_7.2, 6;
    %dup/vec4;
    %pushi/vec4 3, 0, 3;
    %cmp/u;
    %jmp/1 T_7.3, 6;
    %jmp T_7.4;
T_7.0 ;
    %load/vec4 v0x5637833f5480_0;
    %flag_set/vec4 8;
    %jmp/0xz  T_7.5, 8;
    %pushi/vec4 2, 0, 3;
    %assign/vec4 v0x5637833f5620_0, 0;
    %pushi/vec4 1, 0, 1;
    %assign/vec4 v0x5637833f56e0_0, 0;
    %jmp T_7.6;
T_7.5 ;
    %pushi/vec4 0, 0, 1;
    %assign/vec4 v0x5637833f56e0_0, 0;
T_7.6 ;
    %jmp T_7.4;
T_7.1 ;
    %load/vec4 v0x5637833f5480_0;
    %nor/r;
    %flag_set/vec4 8;
    %jmp/0xz  T_7.7, 8;
    %pushi/vec4 0, 0, 3;
    %assign/vec4 v0x5637833f5620_0, 0;
T_7.7 ;
    %pushi/vec4 0, 0, 1;
    %assign/vec4 v0x5637833f56e0_0, 0;
    %jmp T_7.4;
T_7.2 ;
    %load/vec4 v0x5637833f5480_0;
    %nor/r;
    %flag_set/vec4 8;
    %jmp/0xz  T_7.9, 8;
    %pushi/vec4 3, 0, 3;
    %assign/vec4 v0x5637833f5620_0, 0;
T_7.9 ;
    %pushi/vec4 1, 0, 1;
    %assign/vec4 v0x5637833f56e0_0, 0;
    %jmp T_7.4;
T_7.3 ;
    %load/vec4 v0x5637833f5480_0;
    %flag_set/vec4 8;
    %jmp/0xz  T_7.11, 8;
    %pushi/vec4 1, 0, 3;
    %assign/vec4 v0x5637833f5620_0, 0;
    %pushi/vec4 0, 0, 1;
    %assign/vec4 v0x5637833f56e0_0, 0;
    %jmp T_7.12;
T_7.11 ;
    %pushi/vec4 1, 0, 1;
    %assign/vec4 v0x5637833f56e0_0, 0;
T_7.12 ;
    %jmp T_7.4;
T_7.4 ;
    %pop/vec4 1;
    %jmp T_7;
    .thread T_7;
    .scope S_0x5637833f6b10;
T_8 ;
    %pushi/vec4 0, 0, 16;
    %store/vec4 v0x5637833f6f00_0, 0, 16;
    %end;
    .thread T_8;
    .scope S_0x5637833f6b10;
T_9 ;
    %wait E_0x5637833f6ce0;
    %load/vec4 v0x5637833f6f00_0;
    %pad/u 32;
    %cmpi/e 65535, 0, 32;
    %flag_mov 8, 6;
    %jmp/0 T_9.0, 8;
    %pushi/vec4 0, 0, 16;
    %jmp/1 T_9.1, 8;
T_9.0 ; End of true expr.
    %load/vec4 v0x5637833f6f00_0;
    %addi 1, 0, 16;
    %jmp/0 T_9.1, 8;
 ; End of false expr.
    %blend;
T_9.1;
    %assign/vec4 v0x5637833f6f00_0, 0;
    %jmp T_9;
    .thread T_9;
    .scope S_0x5637833f5930;
T_10 ;
    %pushi/vec4 0, 0, 16;
    %assign/vec4 v0x5637833f5ca0_0, 0;
    %end;
    .thread T_10;
    .scope S_0x5637833f5930;
T_11 ;
    %wait E_0x5637833ab690;
    %load/vec4 v0x5637833f5d70_0;
    %pad/u 32;
    %load/vec4 v0x5637833f5e50_0;
    %pad/u 32;
    %xor;
    %load/vec4 v0x5637833f5ca0_0;
    %pad/u 32;
    %sub;
    %pushi/vec4 2, 0, 32;
    %pow/s;
    %ix/load 4, 8, 0;
    %flag_set/imm 4, 0;
    %shiftr 4;
    %pushi/vec4 65535, 0, 32;
    %and;
    %pad/u 16;
    %assign/vec4 v0x5637833f5ca0_0, 0;
    %jmp T_11;
    .thread T_11;
    .scope S_0x5637833a07b0;
T_12 ;
    %wait E_0x5637833b0e60;
    %load/vec4 v0x5637833f4090_0;
    %flag_set/vec4 8;
    %jmp/0xz  T_12.0, 8;
    %fork TD_top.BCD.convertToBCD, S_0x5637833f3480;
    %join;
    %jmp T_12.1;
T_12.0 ;
    %pushi/vec4 7, 0, 4;
    %store/vec4 v0x5637833f4ce0_0, 0, 4;
    %pushi/vec4 7, 0, 4;
    %store/vec4 v0x5637833f4c00_0, 0, 4;
    %pushi/vec4 7, 0, 4;
    %store/vec4 v0x5637833f4b20_0, 0, 4;
    %pushi/vec4 7, 0, 4;
    %store/vec4 v0x5637833f4a40_0, 0, 4;
    %pushi/vec4 7, 0, 4;
    %store/vec4 v0x5637833f4960_0, 0, 4;
T_12.1 ;
    %jmp T_12;
    .thread T_12, $push;
    .scope S_0x5637833a0b00;
T_13 ;
    %pushi/vec4 0, 0, 1;
    %store/vec4 v0x5637833f7b00_0, 0, 1;
    %end;
    .thread T_13;
    .scope S_0x5637833a0b00;
T_14 ;
    %wait E_0x5637833aef30;
    %load/vec4 v0x5637833f7580_0;
    %flag_set/vec4 8;
    %jmp/0 T_14.0, 8;
    %pushi/vec4 1, 0, 2;
    %jmp/1 T_14.1, 8;
T_14.0 ; End of true expr.
    %pushi/vec4 0, 0, 2;
    %jmp/0 T_14.1, 8;
 ; End of false expr.
    %blend;
T_14.1;
    %pad/s 1;
    %assign/vec4 v0x5637833f7b00_0, 0;
    %jmp T_14;
    .thread T_14;
# The file index is used to find the file name in the following table.
:file_names 8;
    "N/A";
    "<interactive>";
    "top.v";
    "b16toBCD.v";
    "buttonFsm.v";
    "hasher.v";
    "rtcClkDivider.v";
    "timekeeper.v";
