#! /usr/bin/vvp
:ivl_version "10.3 (stable)";
:ivl_delay_selection "TYPICAL";
:vpi_time_precision - 12;
:vpi_module "system";
:vpi_module "vhdl_sys";
:vpi_module "v2005_math";
:vpi_module "va_math";
S_0x561035c08890 .scope module, "AddParity_tb" "AddParity_tb" 2 3;
 .timescale -9 -12;
P_0x561035c08a10 .param/l "period" 1 2 14, +C4<00000000000000000000000000000001>;
v0x561035c42d50_0 .var "dataIn", 1 8;
v0x561035c42e40_0 .net "dataOut", 1 12, v0x561035c42c10_0;  1 drivers
S_0x561035bfb6d0 .scope module, "UUT" "AddParity" 2 10, 3 3 0, S_0x561035c08890;
 .timescale -9 -12;
    .port_info 0 /INPUT 8 "dataIn"
    .port_info 1 /OUTPUT 12 "dataOut"
v0x561035bfb8a0_0 .net "dataIn", 1 8, v0x561035c42d50_0;  1 drivers
v0x561035c42c10_0 .var "dataOut", 1 12;
E_0x561035c09360 .event edge, v0x561035bfb8a0_0;
S_0x561035bfb520 .scope module, "SEC_MEM" "SEC_MEM" 3 103;
 .timescale -9 -12;
    .port_info 0 /INPUT 12 "dataIn"
    .port_info 1 /INPUT 1 "clk"
    .port_info 2 /INPUT 1 "mode"
    .port_info 3 /INPUT 4 "addr"
    .port_info 4 /OUTPUT 12 "dataOut"
o0x7f94aa262a08 .functor BUFZ 4, C4<zzzz>; HiZ drive
v0x561035c466b0_0 .net "addr", 3 0, o0x7f94aa262a08;  0 drivers
o0x7f94aa262a38 .functor BUFZ 1, C4<z>; HiZ drive
v0x561035c46790_0 .net "clk", 0 0, o0x7f94aa262a38;  0 drivers
o0x7f94aa262948 .functor BUFZ 12, C4<zzzzzzzzzzzz>; HiZ drive
v0x561035c46860_0 .net "dataIn", 1 12, o0x7f94aa262948;  0 drivers
v0x561035c46960_0 .net "dataOut", 1 12, v0x561035c43240_0;  1 drivers
o0x7f94aa262a98 .functor BUFZ 1, C4<z>; HiZ drive
v0x561035c46a30_0 .net "mode", 0 0, o0x7f94aa262a98;  0 drivers
v0x561035c46b20_0 .net "ramDataIn", 7 0, v0x561035c45ca0_0;  1 drivers
v0x561035c46c10_0 .net "ramDataOut", 7 0, v0x561035c462d0_0;  1 drivers
S_0x561035c42f10 .scope module, "AP" "AddParity" 3 115, 3 3 0, S_0x561035bfb520;
 .timescale -9 -12;
    .port_info 0 /INPUT 8 "dataIn"
    .port_info 1 /OUTPUT 12 "dataOut"
v0x561035c43140_0 .net "dataIn", 1 8, v0x561035c462d0_0;  alias, 1 drivers
v0x561035c43240_0 .var "dataOut", 1 12;
E_0x561035bf74f0 .event edge, v0x561035c43140_0;
S_0x561035c43380 .scope module, "CP" "CheckParity" 3 113, 3 33 0, S_0x561035bfb520;
 .timescale -9 -12;
    .port_info 0 /INPUT 12 "dataIn"
    .port_info 1 /OUTPUT 8 "dataOut"
L_0x561035c09820 .functor XOR 1, L_0x561035c46d60, L_0x561035c46e50, C4<0>, C4<0>;
L_0x561035c47030 .functor XOR 1, L_0x561035c09820, L_0x561035c46f90, C4<0>, C4<0>;
L_0x561035c471c0 .functor XOR 1, L_0x561035c47030, L_0x561035c470f0, C4<0>, C4<0>;
L_0x561035c47370 .functor XOR 1, L_0x561035c471c0, L_0x561035c472d0, C4<0>, C4<0>;
L_0x561035c47590 .functor XOR 1, L_0x561035c47370, L_0x561035c474b0, C4<0>, C4<0>;
L_0x561035c47830 .functor XOR 1, L_0x561035c476a0, L_0x561035c47740, C4<0>, C4<0>;
L_0x561035c47a20 .functor XOR 1, L_0x561035c47830, L_0x561035c47980, C4<0>, C4<0>;
L_0x561035c47c30 .functor XOR 1, L_0x561035c47a20, L_0x561035c47b30, C4<0>, C4<0>;
L_0x561035c47de0 .functor XOR 1, L_0x561035c47c30, L_0x561035c47d40, C4<0>, C4<0>;
L_0x561035c48000 .functor XOR 1, L_0x561035c47de0, L_0x561035c47ef0, C4<0>, C4<0>;
L_0x561035c47f90 .functor XOR 1, L_0x561035c48170, L_0x561035c48210, C4<0>, C4<0>;
L_0x561035c48630 .functor XOR 1, L_0x561035c47f90, L_0x561035c48380, C4<0>, C4<0>;
L_0x561035c488e0 .functor XOR 1, L_0x561035c48630, L_0x561035c487b0, C4<0>, C4<0>;
L_0x561035c48a90 .functor XOR 1, L_0x561035c488e0, L_0x561035c489f0, C4<0>, C4<0>;
L_0x561035c48740 .functor XOR 1, L_0x561035c48e80, L_0x561035c48f20, C4<0>, C4<0>;
L_0x561035c49110 .functor XOR 1, L_0x561035c48740, L_0x561035c48de0, C4<0>, C4<0>;
L_0x561035c49410 .functor XOR 1, L_0x561035c49110, L_0x561035c492b0, C4<0>, C4<0>;
L_0x561035c495c0 .functor XOR 1, L_0x561035c49410, L_0x561035c49520, C4<0>, C4<0>;
v0x561035c43550_0 .net "C", 1 4, L_0x561035c48c20;  1 drivers
v0x561035c43650_0 .net *"_s10", 0 0, L_0x561035c47030;  1 drivers
v0x561035c43730_0 .net *"_s13", 0 0, L_0x561035c470f0;  1 drivers
v0x561035c43820_0 .net *"_s14", 0 0, L_0x561035c471c0;  1 drivers
v0x561035c43900_0 .net *"_s17", 0 0, L_0x561035c472d0;  1 drivers
v0x561035c43a30_0 .net *"_s18", 0 0, L_0x561035c47370;  1 drivers
v0x561035c43b10_0 .net *"_s21", 0 0, L_0x561035c474b0;  1 drivers
v0x561035c43bf0_0 .net *"_s22", 0 0, L_0x561035c47590;  1 drivers
v0x561035c43cd0_0 .net *"_s27", 0 0, L_0x561035c476a0;  1 drivers
v0x561035c43db0_0 .net *"_s29", 0 0, L_0x561035c47740;  1 drivers
v0x561035c43e90_0 .net *"_s3", 0 0, L_0x561035c46d60;  1 drivers
v0x561035c43f70_0 .net *"_s30", 0 0, L_0x561035c47830;  1 drivers
v0x561035c44050_0 .net *"_s33", 0 0, L_0x561035c47980;  1 drivers
v0x561035c44130_0 .net *"_s34", 0 0, L_0x561035c47a20;  1 drivers
v0x561035c44210_0 .net *"_s37", 0 0, L_0x561035c47b30;  1 drivers
v0x561035c442f0_0 .net *"_s38", 0 0, L_0x561035c47c30;  1 drivers
v0x561035c443d0_0 .net *"_s41", 0 0, L_0x561035c47d40;  1 drivers
v0x561035c444b0_0 .net *"_s42", 0 0, L_0x561035c47de0;  1 drivers
v0x561035c44590_0 .net *"_s45", 0 0, L_0x561035c47ef0;  1 drivers
v0x561035c44670_0 .net *"_s46", 0 0, L_0x561035c48000;  1 drivers
v0x561035c44750_0 .net *"_s5", 0 0, L_0x561035c46e50;  1 drivers
v0x561035c44830_0 .net *"_s51", 0 0, L_0x561035c48170;  1 drivers
v0x561035c44910_0 .net *"_s53", 0 0, L_0x561035c48210;  1 drivers
v0x561035c449f0_0 .net *"_s54", 0 0, L_0x561035c47f90;  1 drivers
v0x561035c44ad0_0 .net *"_s57", 0 0, L_0x561035c48380;  1 drivers
v0x561035c44bb0_0 .net *"_s58", 0 0, L_0x561035c48630;  1 drivers
v0x561035c44c90_0 .net *"_s6", 0 0, L_0x561035c09820;  1 drivers
v0x561035c44d70_0 .net *"_s61", 0 0, L_0x561035c487b0;  1 drivers
v0x561035c44e50_0 .net *"_s62", 0 0, L_0x561035c488e0;  1 drivers
v0x561035c44f30_0 .net *"_s65", 0 0, L_0x561035c489f0;  1 drivers
v0x561035c45010_0 .net *"_s66", 0 0, L_0x561035c48a90;  1 drivers
v0x561035c450f0_0 .net *"_s72", 0 0, L_0x561035c48e80;  1 drivers
v0x561035c451d0_0 .net *"_s74", 0 0, L_0x561035c48f20;  1 drivers
v0x561035c454c0_0 .net *"_s75", 0 0, L_0x561035c48740;  1 drivers
v0x561035c455a0_0 .net *"_s78", 0 0, L_0x561035c48de0;  1 drivers
v0x561035c45680_0 .net *"_s79", 0 0, L_0x561035c49110;  1 drivers
v0x561035c45760_0 .net *"_s82", 0 0, L_0x561035c492b0;  1 drivers
v0x561035c45840_0 .net *"_s83", 0 0, L_0x561035c49410;  1 drivers
v0x561035c45920_0 .net *"_s86", 0 0, L_0x561035c49520;  1 drivers
v0x561035c45a00_0 .net *"_s87", 0 0, L_0x561035c495c0;  1 drivers
v0x561035c45ae0_0 .net *"_s9", 0 0, L_0x561035c46f90;  1 drivers
v0x561035c45bc0_0 .net "dataIn", 1 12, o0x7f94aa262948;  alias, 0 drivers
v0x561035c45ca0_0 .var "dataOut", 1 8;
L_0x561035c46d60 .part o0x7f94aa262948, 11, 1;
L_0x561035c46e50 .part o0x7f94aa262948, 9, 1;
L_0x561035c46f90 .part o0x7f94aa262948, 7, 1;
L_0x561035c470f0 .part o0x7f94aa262948, 5, 1;
L_0x561035c472d0 .part o0x7f94aa262948, 3, 1;
L_0x561035c474b0 .part o0x7f94aa262948, 1, 1;
L_0x561035c476a0 .part o0x7f94aa262948, 10, 1;
L_0x561035c47740 .part o0x7f94aa262948, 9, 1;
L_0x561035c47980 .part o0x7f94aa262948, 6, 1;
L_0x561035c47b30 .part o0x7f94aa262948, 5, 1;
L_0x561035c47d40 .part o0x7f94aa262948, 2, 1;
L_0x561035c47ef0 .part o0x7f94aa262948, 1, 1;
L_0x561035c48170 .part o0x7f94aa262948, 8, 1;
L_0x561035c48210 .part o0x7f94aa262948, 7, 1;
L_0x561035c48380 .part o0x7f94aa262948, 6, 1;
L_0x561035c487b0 .part o0x7f94aa262948, 5, 1;
L_0x561035c489f0 .part o0x7f94aa262948, 0, 1;
L_0x561035c48c20 .concat8 [ 1 1 1 1], L_0x561035c495c0, L_0x561035c48a90, L_0x561035c48000, L_0x561035c47590;
L_0x561035c48e80 .part o0x7f94aa262948, 4, 1;
L_0x561035c48f20 .part o0x7f94aa262948, 3, 1;
L_0x561035c48de0 .part o0x7f94aa262948, 2, 1;
L_0x561035c492b0 .part o0x7f94aa262948, 1, 1;
L_0x561035c49520 .part o0x7f94aa262948, 0, 1;
S_0x561035c45de0 .scope module, "RM" "RAM" 3 114, 3 76 0, S_0x561035bfb520;
 .timescale -9 -12;
    .port_info 0 /INPUT 8 "dataIn"
    .port_info 1 /INPUT 1 "clk"
    .port_info 2 /INPUT 1 "mode"
    .port_info 3 /INPUT 4 "addr"
    .port_info 4 /OUTPUT 8 "dataOut"
v0x561035c46030_0 .net "addr", 3 0, o0x7f94aa262a08;  alias, 0 drivers
v0x561035c46110_0 .net "clk", 0 0, o0x7f94aa262a38;  alias, 0 drivers
v0x561035c461d0_0 .net "dataIn", 7 0, v0x561035c45ca0_0;  alias, 1 drivers
v0x561035c462d0_0 .var "dataOut", 7 0;
v0x561035c463a0_0 .var "j", 0 0;
v0x561035c46490 .array "mem", 0 15, 7 0;
v0x561035c46550_0 .net "mode", 0 0, o0x7f94aa262a98;  alias, 0 drivers
E_0x561035c238a0 .event posedge, v0x561035c46110_0;
    .scope S_0x561035bfb6d0;
T_0 ;
    %wait E_0x561035c09360;
    %load/vec4 v0x561035bfb8a0_0;
    %parti/s 1, 7, 4;
    %load/vec4 v0x561035bfb8a0_0;
    %parti/s 1, 6, 4;
    %xor;
    %load/vec4 v0x561035bfb8a0_0;
    %parti/s 1, 4, 4;
    %xor;
    %load/vec4 v0x561035bfb8a0_0;
    %parti/s 1, 3, 3;
    %xor;
    %load/vec4 v0x561035bfb8a0_0;
    %parti/s 1, 1, 2;
    %xor;
    %ix/load 4, 11, 0;
    %flag_set/imm 4, 0;
    %store/vec4 v0x561035c42c10_0, 4, 1;
    %load/vec4 v0x561035bfb8a0_0;
    %parti/s 1, 7, 4;
    %load/vec4 v0x561035bfb8a0_0;
    %parti/s 1, 5, 4;
    %xor;
    %load/vec4 v0x561035bfb8a0_0;
    %parti/s 1, 4, 4;
    %xor;
    %load/vec4 v0x561035bfb8a0_0;
    %parti/s 1, 2, 3;
    %xor;
    %load/vec4 v0x561035bfb8a0_0;
    %parti/s 1, 1, 2;
    %xor;
    %ix/load 4, 10, 0;
    %flag_set/imm 4, 0;
    %store/vec4 v0x561035c42c10_0, 4, 1;
    %load/vec4 v0x561035bfb8a0_0;
    %parti/s 1, 6, 4;
    %load/vec4 v0x561035bfb8a0_0;
    %parti/s 1, 5, 4;
    %xor;
    %load/vec4 v0x561035bfb8a0_0;
    %parti/s 1, 4, 4;
    %xor;
    %load/vec4 v0x561035bfb8a0_0;
    %parti/s 1, 0, 2;
    %xor;
    %ix/load 4, 8, 0;
    %flag_set/imm 4, 0;
    %store/vec4 v0x561035c42c10_0, 4, 1;
    %load/vec4 v0x561035bfb8a0_0;
    %parti/s 1, 3, 3;
    %load/vec4 v0x561035bfb8a0_0;
    %parti/s 1, 2, 3;
    %xor;
    %load/vec4 v0x561035bfb8a0_0;
    %parti/s 1, 1, 2;
    %xor;
    %load/vec4 v0x561035bfb8a0_0;
    %parti/s 1, 0, 2;
    %xor;
    %ix/load 4, 4, 0;
    %flag_set/imm 4, 0;
    %store/vec4 v0x561035c42c10_0, 4, 1;
    %load/vec4 v0x561035bfb8a0_0;
    %parti/s 1, 7, 4;
    %ix/load 4, 9, 0;
    %flag_set/imm 4, 0;
    %store/vec4 v0x561035c42c10_0, 4, 1;
    %load/vec4 v0x561035bfb8a0_0;
    %parti/s 1, 6, 4;
    %ix/load 4, 7, 0;
    %flag_set/imm 4, 0;
    %store/vec4 v0x561035c42c10_0, 4, 1;
    %load/vec4 v0x561035bfb8a0_0;
    %parti/s 1, 5, 4;
    %ix/load 4, 6, 0;
    %flag_set/imm 4, 0;
    %store/vec4 v0x561035c42c10_0, 4, 1;
    %load/vec4 v0x561035bfb8a0_0;
    %parti/s 1, 4, 4;
    %ix/load 4, 5, 0;
    %flag_set/imm 4, 0;
    %store/vec4 v0x561035c42c10_0, 4, 1;
    %load/vec4 v0x561035bfb8a0_0;
    %parti/s 1, 3, 3;
    %ix/load 4, 3, 0;
    %flag_set/imm 4, 0;
    %store/vec4 v0x561035c42c10_0, 4, 1;
    %load/vec4 v0x561035bfb8a0_0;
    %parti/s 1, 2, 3;
    %ix/load 4, 2, 0;
    %flag_set/imm 4, 0;
    %store/vec4 v0x561035c42c10_0, 4, 1;
    %load/vec4 v0x561035bfb8a0_0;
    %parti/s 1, 1, 2;
    %ix/load 4, 1, 0;
    %flag_set/imm 4, 0;
    %store/vec4 v0x561035c42c10_0, 4, 1;
    %load/vec4 v0x561035bfb8a0_0;
    %parti/s 1, 0, 2;
    %ix/load 4, 0, 0;
    %flag_set/imm 4, 0;
    %store/vec4 v0x561035c42c10_0, 4, 1;
    %jmp T_0;
    .thread T_0, $push;
    .scope S_0x561035c08890;
T_1 ;
    %vpi_call 2 17 "$display", "0)%b %b", v0x561035c42d50_0, v0x561035c42e40_0 {0 0 0};
    %pushi/vec4 0, 0, 1;
    %ix/load 4, 7, 0;
    %flag_set/imm 4, 0;
    %store/vec4 v0x561035c42d50_0, 4, 1;
    %pushi/vec4 0, 0, 1;
    %ix/load 4, 6, 0;
    %flag_set/imm 4, 0;
    %store/vec4 v0x561035c42d50_0, 4, 1;
    %pushi/vec4 0, 0, 1;
    %ix/load 4, 5, 0;
    %flag_set/imm 4, 0;
    %store/vec4 v0x561035c42d50_0, 4, 1;
    %pushi/vec4 0, 0, 1;
    %ix/load 4, 4, 0;
    %flag_set/imm 4, 0;
    %store/vec4 v0x561035c42d50_0, 4, 1;
    %pushi/vec4 0, 0, 1;
    %ix/load 4, 3, 0;
    %flag_set/imm 4, 0;
    %store/vec4 v0x561035c42d50_0, 4, 1;
    %pushi/vec4 0, 0, 1;
    %ix/load 4, 2, 0;
    %flag_set/imm 4, 0;
    %store/vec4 v0x561035c42d50_0, 4, 1;
    %pushi/vec4 0, 0, 1;
    %ix/load 4, 1, 0;
    %flag_set/imm 4, 0;
    %store/vec4 v0x561035c42d50_0, 4, 1;
    %pushi/vec4 0, 0, 1;
    %ix/load 4, 0, 0;
    %flag_set/imm 4, 0;
    %store/vec4 v0x561035c42d50_0, 4, 1;
    %delay 1000, 0;
    %vpi_call 2 29 "$display", "1)%b %b", v0x561035c42d50_0, v0x561035c42e40_0 {0 0 0};
    %load/vec4 v0x561035c42e40_0;
    %cmpi/ne 0, 0, 12;
    %jmp/0xz  T_1.0, 6;
    %vpi_call 2 31 "$display", "AddParity test no:1 wrong! | Your answer: %b | Correct answer: 000000000000", v0x561035c42e40_0 {0 0 0};
    %jmp T_1.1;
T_1.0 ;
    %vpi_call 2 34 "$display", "AddParity test no:1 correct" {0 0 0};
T_1.1 ;
    %vpi_call 2 35 "$display", "2)%b %b", v0x561035c42d50_0, v0x561035c42e40_0 {0 0 0};
    %pushi/vec4 85, 0, 8;
    %store/vec4 v0x561035c42d50_0, 0, 8;
    %delay 1000, 0;
    %load/vec4 v0x561035c42e40_0;
    %cmpi/ne 421, 0, 12;
    %jmp/0xz  T_1.2, 6;
    %vpi_call 2 39 "$display", "AddParity test no:2 wrong! | Your answer: %b | Correct answer: 000110100101", v0x561035c42e40_0 {0 0 0};
    %jmp T_1.3;
T_1.2 ;
    %vpi_call 2 42 "$display", "AddParity test no:2 correct" {0 0 0};
T_1.3 ;
    %vpi_call 2 43 "$display", "3" {0 0 0};
    %pushi/vec4 170, 0, 8;
    %store/vec4 v0x561035c42d50_0, 0, 8;
    %delay 1000, 0;
    %load/vec4 v0x561035c42e40_0;
    %cmpi/ne 3914, 0, 12;
    %jmp/0xz  T_1.4, 6;
    %vpi_call 2 47 "$display", "AddParity test no:3 wrong! | Your answer: %b | Correct answer: 111101001010", v0x561035c42e40_0 {0 0 0};
    %jmp T_1.5;
T_1.4 ;
    %vpi_call 2 50 "$display", "AddParity test no:3 correct" {0 0 0};
T_1.5 ;
    %pushi/vec4 75, 0, 8;
    %store/vec4 v0x561035c42d50_0, 0, 8;
    %delay 1000, 0;
    %load/vec4 v0x561035c42e40_0;
    %cmpi/ne 3227, 0, 12;
    %jmp/0xz  T_1.6, 6;
    %vpi_call 2 55 "$display", "AddParity test no:4 wron!g | Your answer: %b | Correct answer: 110010011011", v0x561035c42e40_0 {0 0 0};
    %jmp T_1.7;
T_1.6 ;
    %vpi_call 2 58 "$display", "AddParity test no:4 correct" {0 0 0};
T_1.7 ;
    %pushi/vec4 255, 0, 8;
    %store/vec4 v0x561035c42d50_0, 0, 8;
    %delay 1000, 0;
    %load/vec4 v0x561035c42e40_0;
    %cmpi/ne 3823, 0, 12;
    %jmp/0xz  T_1.8, 6;
    %vpi_call 2 63 "$display", "AddParity test no:5 wrong! | Your answer: %b | Correct answer: 111011101111", v0x561035c42e40_0 {0 0 0};
    %jmp T_1.9;
T_1.8 ;
    %vpi_call 2 66 "$display", "AddParity test no:5 correct" {0 0 0};
T_1.9 ;
    %pushi/vec4 198, 0, 8;
    %store/vec4 v0x561035c42d50_0, 0, 8;
    %delay 1000, 0;
    %load/vec4 v0x561035c42e40_0;
    %cmpi/ne 3974, 0, 12;
    %jmp/0xz  T_1.10, 6;
    %vpi_call 2 71 "$display", "AddParity test no:6 wrong! | Your answer: %b | Correct answer: 111110000110", v0x561035c42e40_0 {0 0 0};
    %jmp T_1.11;
T_1.10 ;
    %vpi_call 2 74 "$display", "AddParity test no:6 correct" {0 0 0};
T_1.11 ;
    %pushi/vec4 39, 0, 8;
    %store/vec4 v0x561035c42d50_0, 0, 8;
    %delay 1000, 0;
    %load/vec4 v0x561035c42e40_0;
    %cmpi/ne 3159, 0, 12;
    %jmp/0xz  T_1.12, 6;
    %vpi_call 2 79 "$display", "AddParity test no:7 wrong! | Your answer: %b | Correct answer: 110001010111", v0x561035c42e40_0 {0 0 0};
    %jmp T_1.13;
T_1.12 ;
    %vpi_call 2 82 "$display", "AddParity test no:7 correct" {0 0 0};
T_1.13 ;
    %vpi_call 2 86 "$finish" {0 0 0};
    %end;
    .thread T_1;
    .scope S_0x561035c43380;
T_2 ;
    %load/vec4 v0x561035c43550_0;
    %dup/vec4;
    %pushi/vec4 3, 0, 4;
    %cmp/u;
    %jmp/1 T_2.0, 6;
    %dup/vec4;
    %pushi/vec4 6, 0, 4;
    %cmp/u;
    %jmp/1 T_2.1, 6;
    %dup/vec4;
    %pushi/vec4 7, 0, 4;
    %cmp/u;
    %jmp/1 T_2.2, 6;
    %dup/vec4;
    %pushi/vec4 8, 0, 4;
    %cmp/u;
    %jmp/1 T_2.3, 6;
    %dup/vec4;
    %pushi/vec4 9, 0, 4;
    %cmp/u;
    %jmp/1 T_2.4, 6;
    %dup/vec4;
    %pushi/vec4 10, 0, 4;
    %cmp/u;
    %jmp/1 T_2.5, 6;
    %dup/vec4;
    %pushi/vec4 11, 0, 4;
    %cmp/u;
    %jmp/1 T_2.6, 6;
    %dup/vec4;
    %pushi/vec4 12, 0, 4;
    %cmp/u;
    %jmp/1 T_2.7, 6;
    %jmp T_2.8;
T_2.0 ;
    %load/vec4 v0x561035c45ca0_0;
    %parti/s 1, 7, 4;
    %inv;
    %ix/load 4, 7, 0;
    %flag_set/imm 4, 0;
    %store/vec4 v0x561035c45ca0_0, 4, 1;
    %jmp T_2.8;
T_2.1 ;
    %load/vec4 v0x561035c45ca0_0;
    %parti/s 1, 6, 4;
    %inv;
    %ix/load 4, 6, 0;
    %flag_set/imm 4, 0;
    %store/vec4 v0x561035c45ca0_0, 4, 1;
    %jmp T_2.8;
T_2.2 ;
    %load/vec4 v0x561035c45ca0_0;
    %parti/s 1, 5, 4;
    %inv;
    %ix/load 4, 5, 0;
    %flag_set/imm 4, 0;
    %store/vec4 v0x561035c45ca0_0, 4, 1;
    %jmp T_2.8;
T_2.3 ;
    %load/vec4 v0x561035c45ca0_0;
    %parti/s 1, 4, 4;
    %inv;
    %ix/load 4, 4, 0;
    %flag_set/imm 4, 0;
    %store/vec4 v0x561035c45ca0_0, 4, 1;
    %jmp T_2.8;
T_2.4 ;
    %load/vec4 v0x561035c45ca0_0;
    %parti/s 1, 3, 3;
    %inv;
    %ix/load 4, 3, 0;
    %flag_set/imm 4, 0;
    %store/vec4 v0x561035c45ca0_0, 4, 1;
    %jmp T_2.8;
T_2.5 ;
    %load/vec4 v0x561035c45ca0_0;
    %parti/s 1, 2, 3;
    %inv;
    %ix/load 4, 2, 0;
    %flag_set/imm 4, 0;
    %store/vec4 v0x561035c45ca0_0, 4, 1;
    %jmp T_2.8;
T_2.6 ;
    %load/vec4 v0x561035c45ca0_0;
    %parti/s 1, 1, 2;
    %inv;
    %ix/load 4, 1, 0;
    %flag_set/imm 4, 0;
    %store/vec4 v0x561035c45ca0_0, 4, 1;
    %jmp T_2.8;
T_2.7 ;
    %load/vec4 v0x561035c45ca0_0;
    %parti/s 1, 0, 2;
    %inv;
    %ix/load 4, 0, 0;
    %flag_set/imm 4, 0;
    %store/vec4 v0x561035c45ca0_0, 4, 1;
    %jmp T_2.8;
T_2.8 ;
    %pop/vec4 1;
    %load/vec4 v0x561035c45bc0_0;
    %parti/s 1, 9, 5;
    %ix/load 4, 7, 0;
    %flag_set/imm 4, 0;
    %store/vec4 v0x561035c45ca0_0, 4, 1;
    %load/vec4 v0x561035c45bc0_0;
    %parti/s 1, 7, 4;
    %ix/load 4, 6, 0;
    %flag_set/imm 4, 0;
    %store/vec4 v0x561035c45ca0_0, 4, 1;
    %load/vec4 v0x561035c45bc0_0;
    %parti/s 1, 6, 4;
    %ix/load 4, 5, 0;
    %flag_set/imm 4, 0;
    %store/vec4 v0x561035c45ca0_0, 4, 1;
    %load/vec4 v0x561035c45bc0_0;
    %parti/s 1, 5, 4;
    %ix/load 4, 4, 0;
    %flag_set/imm 4, 0;
    %store/vec4 v0x561035c45ca0_0, 4, 1;
    %load/vec4 v0x561035c45bc0_0;
    %parti/s 1, 3, 3;
    %ix/load 4, 3, 0;
    %flag_set/imm 4, 0;
    %store/vec4 v0x561035c45ca0_0, 4, 1;
    %load/vec4 v0x561035c45bc0_0;
    %parti/s 1, 2, 3;
    %ix/load 4, 2, 0;
    %flag_set/imm 4, 0;
    %store/vec4 v0x561035c45ca0_0, 4, 1;
    %load/vec4 v0x561035c45bc0_0;
    %parti/s 1, 1, 2;
    %ix/load 4, 1, 0;
    %flag_set/imm 4, 0;
    %store/vec4 v0x561035c45ca0_0, 4, 1;
    %load/vec4 v0x561035c45bc0_0;
    %parti/s 1, 0, 2;
    %ix/load 4, 0, 0;
    %flag_set/imm 4, 0;
    %store/vec4 v0x561035c45ca0_0, 4, 1;
    %end;
    .thread T_2;
    .scope S_0x561035c45de0;
T_3 ;
    %pushi/vec4 0, 0, 1;
    %store/vec4 v0x561035c463a0_0, 0, 1;
T_3.0 ;
    %load/vec4 v0x561035c463a0_0;
    %pad/u 32;
    %cmpi/u 16, 0, 32;
    %jmp/0xz T_3.1, 5;
    %pushi/vec4 0, 0, 8;
    %load/vec4 v0x561035c463a0_0;
    %pad/u 6;
    %ix/vec4 3;
    %ix/load 4, 0, 0; Constant delay
    %assign/vec4/a/d v0x561035c46490, 0, 4;
    %load/vec4 v0x561035c463a0_0;
    %pad/u 2;
    %addi 1, 0, 2;
    %pad/u 1;
    %store/vec4 v0x561035c463a0_0, 0, 1;
    %jmp T_3.0;
T_3.1 ;
    %end;
    .thread T_3;
    .scope S_0x561035c45de0;
T_4 ;
    %wait E_0x561035c238a0;
    %load/vec4 v0x561035c46550_0;
    %flag_set/vec4 8;
    %jmp/0xz  T_4.0, 8;
    %load/vec4 v0x561035c461d0_0;
    %load/vec4 v0x561035c46030_0;
    %pad/u 6;
    %ix/vec4 4;
    %store/vec4a v0x561035c46490, 4, 0;
    %jmp T_4.1;
T_4.0 ;
    %load/vec4 v0x561035c46030_0;
    %pad/u 6;
    %ix/vec4 4;
    %load/vec4a v0x561035c46490, 4;
    %store/vec4 v0x561035c462d0_0, 0, 8;
T_4.1 ;
    %jmp T_4;
    .thread T_4;
    .scope S_0x561035c42f10;
T_5 ;
    %wait E_0x561035bf74f0;
    %load/vec4 v0x561035c43140_0;
    %parti/s 1, 7, 4;
    %load/vec4 v0x561035c43140_0;
    %parti/s 1, 6, 4;
    %xor;
    %load/vec4 v0x561035c43140_0;
    %parti/s 1, 4, 4;
    %xor;
    %load/vec4 v0x561035c43140_0;
    %parti/s 1, 3, 3;
    %xor;
    %load/vec4 v0x561035c43140_0;
    %parti/s 1, 1, 2;
    %xor;
    %ix/load 4, 11, 0;
    %flag_set/imm 4, 0;
    %store/vec4 v0x561035c43240_0, 4, 1;
    %load/vec4 v0x561035c43140_0;
    %parti/s 1, 7, 4;
    %load/vec4 v0x561035c43140_0;
    %parti/s 1, 5, 4;
    %xor;
    %load/vec4 v0x561035c43140_0;
    %parti/s 1, 4, 4;
    %xor;
    %load/vec4 v0x561035c43140_0;
    %parti/s 1, 2, 3;
    %xor;
    %load/vec4 v0x561035c43140_0;
    %parti/s 1, 1, 2;
    %xor;
    %ix/load 4, 10, 0;
    %flag_set/imm 4, 0;
    %store/vec4 v0x561035c43240_0, 4, 1;
    %load/vec4 v0x561035c43140_0;
    %parti/s 1, 6, 4;
    %load/vec4 v0x561035c43140_0;
    %parti/s 1, 5, 4;
    %xor;
    %load/vec4 v0x561035c43140_0;
    %parti/s 1, 4, 4;
    %xor;
    %load/vec4 v0x561035c43140_0;
    %parti/s 1, 0, 2;
    %xor;
    %ix/load 4, 8, 0;
    %flag_set/imm 4, 0;
    %store/vec4 v0x561035c43240_0, 4, 1;
    %load/vec4 v0x561035c43140_0;
    %parti/s 1, 3, 3;
    %load/vec4 v0x561035c43140_0;
    %parti/s 1, 2, 3;
    %xor;
    %load/vec4 v0x561035c43140_0;
    %parti/s 1, 1, 2;
    %xor;
    %load/vec4 v0x561035c43140_0;
    %parti/s 1, 0, 2;
    %xor;
    %ix/load 4, 4, 0;
    %flag_set/imm 4, 0;
    %store/vec4 v0x561035c43240_0, 4, 1;
    %load/vec4 v0x561035c43140_0;
    %parti/s 1, 7, 4;
    %ix/load 4, 9, 0;
    %flag_set/imm 4, 0;
    %store/vec4 v0x561035c43240_0, 4, 1;
    %load/vec4 v0x561035c43140_0;
    %parti/s 1, 6, 4;
    %ix/load 4, 7, 0;
    %flag_set/imm 4, 0;
    %store/vec4 v0x561035c43240_0, 4, 1;
    %load/vec4 v0x561035c43140_0;
    %parti/s 1, 5, 4;
    %ix/load 4, 6, 0;
    %flag_set/imm 4, 0;
    %store/vec4 v0x561035c43240_0, 4, 1;
    %load/vec4 v0x561035c43140_0;
    %parti/s 1, 4, 4;
    %ix/load 4, 5, 0;
    %flag_set/imm 4, 0;
    %store/vec4 v0x561035c43240_0, 4, 1;
    %load/vec4 v0x561035c43140_0;
    %parti/s 1, 3, 3;
    %ix/load 4, 3, 0;
    %flag_set/imm 4, 0;
    %store/vec4 v0x561035c43240_0, 4, 1;
    %load/vec4 v0x561035c43140_0;
    %parti/s 1, 2, 3;
    %ix/load 4, 2, 0;
    %flag_set/imm 4, 0;
    %store/vec4 v0x561035c43240_0, 4, 1;
    %load/vec4 v0x561035c43140_0;
    %parti/s 1, 1, 2;
    %ix/load 4, 1, 0;
    %flag_set/imm 4, 0;
    %store/vec4 v0x561035c43240_0, 4, 1;
    %load/vec4 v0x561035c43140_0;
    %parti/s 1, 0, 2;
    %ix/load 4, 0, 0;
    %flag_set/imm 4, 0;
    %store/vec4 v0x561035c43240_0, 4, 1;
    %jmp T_5;
    .thread T_5, $push;
# The file index is used to find the file name in the following table.
:file_names 4;
    "N/A";
    "<interactive>";
    "addparity_tb.v";
    "lab4_1.v";
