#! /usr/bin/vvp
:ivl_version "10.3 (stable)";
:ivl_delay_selection "TYPICAL";
:vpi_time_precision - 12;
:vpi_module "system";
:vpi_module "vhdl_sys";
:vpi_module "v2005_math";
:vpi_module "va_math";
S_0x5607139040f0 .scope module, "testbench" "testbench" 2 2;
 .timescale -9 -12;
v0x5607139aba90_0 .var "checkInTime", 7 0;
v0x5607139abb70_0 .var "checkInTime2", 7 0;
v0x5607139abc40_0 .var "clk", 0 0;
v0x5607139abd10_0 .var/i "deleteMinOk", 31 0;
v0x5607139abdb0_0 .var/i "i", 31 0;
v0x5607139abee0 .array/i "inputList", 10 1, 31 0;
v0x5607139abfa0_0 .net "listBusy", 0 0, v0x5607139a9780_0;  1 drivers
v0x5607139ac040_0 .net "listBusy2", 0 0, v0x5607139ab2f0_0;  1 drivers
v0x5607139ac0e0_0 .net "listOutput", 4 0, v0x5607139a9840_0;  1 drivers
v0x5607139ac1b0_0 .net "listOutput2", 4 0, v0x5607139ab3b0_0;  1 drivers
v0x5607139ac280_0 .var/i "minHeapOk", 31 0;
v0x5607139ac320_0 .var "mode", 1 0;
v0x5607139ac410_0 .var "mode2", 1 0;
v0x5607139ac4e0 .array "outputList1", 10 1, 4 0;
v0x5607139ac580 .array "outputList2", 7 1, 4 0;
v0x5607139ac640_0 .net "ready", 0 0, v0x5607139a9ca0_0;  1 drivers
v0x5607139ac710_0 .net "ready2", 0 0, v0x5607139ab810_0;  1 drivers
v0x5607139ac8f0_0 .var/i "result", 31 0;
v0x5607139ac990_0 .var "studentID", 4 0;
v0x5607139aca80_0 .var "studentID2", 4 0;
S_0x560713904270 .scope module, "INSTANCE1" "PharmacyMem" 2 20, 3 2 0, S_0x5607139040f0;
 .timescale -9 -12;
    .port_info 0 /INPUT 5 "studentID"
    .port_info 1 /INPUT 1 "clk"
    .port_info 2 /INPUT 2 "mode"
    .port_info 3 /INPUT 8 "checkInTime"
    .port_info 4 /OUTPUT 5 "listOutput"
    .port_info 5 /OUTPUT 1 "listBusy"
    .port_info 6 /OUTPUT 1 "ready"
v0x5607139a8d50_0 .var "capacity", 4 0;
v0x5607139a8e50_0 .net "checkInTime", 7 0, v0x5607139aba90_0;  1 drivers
v0x5607139a8f30_0 .var "child", 4 0;
v0x5607139a8ff0_0 .net "clk", 0 0, v0x5607139abc40_0;  1 drivers
v0x5607139a90b0_0 .var "counter", 4 0;
v0x5607139a91e0_0 .var "finished", 0 0;
v0x5607139a92a0 .array "heap", 10 0, 12 0;
v0x5607139a9360_0 .var "i", 0 0;
v0x5607139a9420_0 .var "insertHole", 4 0;
v0x5607139a9500_0 .var "insertTmp", 12 0;
v0x5607139a95e0_0 .var "j", 4 0;
v0x5607139a96c0_0 .var "k", 0 0;
v0x5607139a9780_0 .var "listBusy", 0 0;
v0x5607139a9840_0 .var "listOutput", 4 0;
v0x5607139a9920_0 .net "mode", 1 0, v0x5607139ac320_0;  1 drivers
v0x5607139a9a00_0 .var "num_of_lmn", 4 0;
v0x5607139a9ae0_0 .var "percDownHole", 4 0;
v0x5607139a9bc0_0 .var "percDownTmp", 12 0;
v0x5607139a9ca0_0 .var "ready", 0 0;
v0x5607139a9d60_0 .net "studentID", 4 0, v0x5607139ac990_0;  1 drivers
E_0x56071395cbc0 .event posedge, v0x5607139a8ff0_0;
S_0x560713952150 .scope task, "delMin" "delMin" 3 86, 3 86 0, S_0x560713904270;
 .timescale -9 -12;
TD_testbench.INSTANCE1.delMin ;
    %pushi/vec4 0, 0, 32;
    %load/vec4 v0x5607139a9a00_0;
    %pad/u 32;
    %cmp/u;
    %jmp/0xz  T_0.0, 5;
    %ix/getv 4, v0x5607139a9a00_0;
    %load/vec4a v0x5607139a92a0, 4;
    %ix/load 4, 1, 0;
    %flag_set/imm 4, 0;
    %store/vec4a v0x5607139a92a0, 4, 0;
    %pushi/vec4 0, 0, 13;
    %ix/getv 4, v0x5607139a9a00_0;
    %store/vec4a v0x5607139a92a0, 4, 0;
    %load/vec4 v0x5607139a9a00_0;
    %subi 1, 0, 5;
    %store/vec4 v0x5607139a9a00_0, 0, 5;
    %pushi/vec4 1, 0, 1;
    %store/vec4 v0x560713973de0_0, 0, 1;
    %fork TD_testbench.INSTANCE1.percDown, S_0x5607139a8b60;
    %join;
T_0.0 ;
    %end;
S_0x560713952320 .scope task, "insert" "insert" 3 69, 3 69 0, S_0x560713904270;
 .timescale -9 -12;
v0x560713968ba0_0 .var "ID", 4 0;
v0x56071396e360_0 .var "checkIn", 7 0;
TD_testbench.INSTANCE1.insert ;
    %load/vec4 v0x560713968ba0_0;
    %load/vec4 v0x56071396e360_0;
    %concat/vec4; draw_concat_vec4
    %store/vec4 v0x5607139a9500_0, 0, 13;
    %load/vec4 v0x5607139a9500_0;
    %ix/load 4, 0, 0;
    %flag_set/imm 4, 0;
    %store/vec4a v0x5607139a92a0, 4, 0;
    %load/vec4 v0x5607139a9a00_0;
    %addi 1, 0, 5;
    %store/vec4 v0x5607139a9a00_0, 0, 5;
    %load/vec4 v0x5607139a9a00_0;
    %store/vec4 v0x5607139a9420_0, 0, 5;
T_1.2 ;
    %load/vec4 v0x56071396e360_0;
    %load/vec4 v0x5607139a9420_0;
    %ix/load 5, 1, 0;
    %flag_set/imm 4, 0;
    %shiftr 5;
    %ix/vec4 4;
    %load/vec4a v0x5607139a92a0, 4;
    %parti/s 8, 0, 2;
    %cmp/u;
    %jmp/0xz T_1.3, 5;
    %load/vec4 v0x5607139a9420_0;
    %ix/load 5, 1, 0;
    %flag_set/imm 4, 0;
    %shiftr 5;
    %ix/vec4 4;
    %load/vec4a v0x5607139a92a0, 4;
    %ix/getv 4, v0x5607139a9420_0;
    %store/vec4a v0x5607139a92a0, 4, 0;
    %load/vec4 v0x5607139a9420_0;
    %ix/load 4, 1, 0;
    %flag_set/imm 4, 0;
    %shiftr 4;
    %store/vec4 v0x5607139a9420_0, 0, 5;
    %jmp T_1.2;
T_1.3 ;
    %load/vec4 v0x5607139a9500_0;
    %ix/getv 4, v0x5607139a9420_0;
    %store/vec4a v0x5607139a92a0, 4, 0;
    %end;
S_0x5607139a8b60 .scope task, "percDown" "percDown" 3 43, 3 43 0, S_0x560713904270;
 .timescale -9 -12;
v0x560713973de0_0 .var "mole", 0 0;
TD_testbench.INSTANCE1.percDown ;
    %pushi/vec4 1, 0, 1;
    %store/vec4 v0x5607139a9360_0, 0, 1;
    %load/vec4 v0x560713973de0_0;
    %pad/u 5;
    %ix/vec4 4;
    %load/vec4a v0x5607139a92a0, 4;
    %store/vec4 v0x5607139a9bc0_0, 0, 13;
    %load/vec4 v0x560713973de0_0;
    %pad/u 5;
    %store/vec4 v0x5607139a9ae0_0, 0, 5;
T_2.4 ;
    %load/vec4 v0x5607139a9360_0;
    %pad/u 32;
    %pushi/vec4 0, 0, 32;
    %cmp/e;
    %flag_get/vec4 6;
    %inv;
    %load/vec4 v0x5607139a9ae0_0;
    %ix/load 4, 1, 0;
    %flag_set/imm 4, 0;
    %shiftl 4;
    %load/vec4 v0x5607139a9a00_0;
    %cmp/u;
    %flag_get/vec4 4;
    %flag_get/vec4 5;
    %or;
    %and;
    %flag_set/vec4 8;
    %jmp/0xz T_2.5, 8;
    %load/vec4 v0x5607139a9ae0_0;
    %ix/load 4, 1, 0;
    %flag_set/imm 4, 0;
    %shiftl 4;
    %store/vec4 v0x5607139a8f30_0, 0, 5;
    %load/vec4 v0x5607139a8f30_0;
    %load/vec4 v0x5607139a9a00_0;
    %cmp/e;
    %flag_get/vec4 6;
    %inv;
    %load/vec4 v0x5607139a8f30_0;
    %pad/u 33;
    %addi 1, 0, 33;
    %ix/vec4 4;
    %load/vec4a v0x5607139a92a0, 4;
    %parti/s 8, 0, 2;
    %ix/getv 4, v0x5607139a8f30_0;
    %load/vec4a v0x5607139a92a0, 4;
    %parti/s 8, 0, 2;
    %cmp/u;
    %flag_get/vec4 5;
    %and;
    %flag_set/vec4 8;
    %jmp/0xz  T_2.6, 8;
    %load/vec4 v0x5607139a8f30_0;
    %addi 1, 0, 5;
    %store/vec4 v0x5607139a8f30_0, 0, 5;
T_2.6 ;
    %ix/getv 4, v0x5607139a8f30_0;
    %load/vec4a v0x5607139a92a0, 4;
    %parti/s 8, 0, 2;
    %load/vec4 v0x5607139a9bc0_0;
    %parti/s 8, 0, 2;
    %cmp/u;
    %jmp/0xz  T_2.8, 5;
    %ix/getv 4, v0x5607139a8f30_0;
    %load/vec4a v0x5607139a92a0, 4;
    %ix/getv 4, v0x5607139a9ae0_0;
    %store/vec4a v0x5607139a92a0, 4, 0;
    %jmp T_2.9;
T_2.8 ;
    %pushi/vec4 0, 0, 1;
    %store/vec4 v0x5607139a9360_0, 0, 1;
T_2.9 ;
    %load/vec4 v0x5607139a9360_0;
    %flag_set/vec4 8;
    %jmp/0xz  T_2.10, 8;
    %load/vec4 v0x5607139a8f30_0;
    %store/vec4 v0x5607139a9ae0_0, 0, 5;
T_2.10 ;
    %jmp T_2.4;
T_2.5 ;
    %load/vec4 v0x5607139a9bc0_0;
    %ix/getv 4, v0x5607139a9ae0_0;
    %store/vec4a v0x5607139a92a0, 4, 0;
    %end;
S_0x5607139a9f20 .scope module, "INSTANCE2" "PharmacyMem" 2 21, 3 2 0, S_0x5607139040f0;
 .timescale -9 -12;
    .port_info 0 /INPUT 5 "studentID"
    .port_info 1 /INPUT 1 "clk"
    .port_info 2 /INPUT 2 "mode"
    .port_info 3 /INPUT 8 "checkInTime"
    .port_info 4 /OUTPUT 5 "listOutput"
    .port_info 5 /OUTPUT 1 "listBusy"
    .port_info 6 /OUTPUT 1 "ready"
v0x5607139aa8d0_0 .var "capacity", 4 0;
v0x5607139aa9d0_0 .net "checkInTime", 7 0, v0x5607139abb70_0;  1 drivers
v0x5607139aaab0_0 .var "child", 4 0;
v0x5607139aab70_0 .net "clk", 0 0, v0x5607139abc40_0;  alias, 1 drivers
v0x5607139aac40_0 .var "counter", 4 0;
v0x5607139aad50_0 .var "finished", 0 0;
v0x5607139aae10 .array "heap", 10 0, 12 0;
v0x5607139aaed0_0 .var "i", 0 0;
v0x5607139aaf90_0 .var "insertHole", 4 0;
v0x5607139ab070_0 .var "insertTmp", 12 0;
v0x5607139ab150_0 .var "j", 4 0;
v0x5607139ab230_0 .var "k", 0 0;
v0x5607139ab2f0_0 .var "listBusy", 0 0;
v0x5607139ab3b0_0 .var "listOutput", 4 0;
v0x5607139ab490_0 .net "mode", 1 0, v0x5607139ac410_0;  1 drivers
v0x5607139ab570_0 .var "num_of_lmn", 4 0;
v0x5607139ab650_0 .var "percDownHole", 4 0;
v0x5607139ab730_0 .var "percDownTmp", 12 0;
v0x5607139ab810_0 .var "ready", 0 0;
v0x5607139ab8d0_0 .net "studentID", 4 0, v0x5607139aca80_0;  1 drivers
S_0x5607139aa0c0 .scope task, "delMin" "delMin" 3 86, 3 86 0, S_0x5607139a9f20;
 .timescale -9 -12;
TD_testbench.INSTANCE2.delMin ;
    %pushi/vec4 0, 0, 32;
    %load/vec4 v0x5607139ab570_0;
    %pad/u 32;
    %cmp/u;
    %jmp/0xz  T_3.12, 5;
    %ix/getv 4, v0x5607139ab570_0;
    %load/vec4a v0x5607139aae10, 4;
    %ix/load 4, 1, 0;
    %flag_set/imm 4, 0;
    %store/vec4a v0x5607139aae10, 4, 0;
    %pushi/vec4 0, 0, 13;
    %ix/getv 4, v0x5607139ab570_0;
    %store/vec4a v0x5607139aae10, 4, 0;
    %load/vec4 v0x5607139ab570_0;
    %subi 1, 0, 5;
    %store/vec4 v0x5607139ab570_0, 0, 5;
    %pushi/vec4 1, 0, 1;
    %store/vec4 v0x5607139aa810_0, 0, 1;
    %fork TD_testbench.INSTANCE2.percDown, S_0x5607139aa640;
    %join;
T_3.12 ;
    %end;
S_0x5607139aa290 .scope task, "insert" "insert" 3 69, 3 69 0, S_0x5607139a9f20;
 .timescale -9 -12;
v0x5607139aa480_0 .var "ID", 4 0;
v0x5607139aa560_0 .var "checkIn", 7 0;
TD_testbench.INSTANCE2.insert ;
    %load/vec4 v0x5607139aa480_0;
    %load/vec4 v0x5607139aa560_0;
    %concat/vec4; draw_concat_vec4
    %store/vec4 v0x5607139ab070_0, 0, 13;
    %load/vec4 v0x5607139ab070_0;
    %ix/load 4, 0, 0;
    %flag_set/imm 4, 0;
    %store/vec4a v0x5607139aae10, 4, 0;
    %load/vec4 v0x5607139ab570_0;
    %addi 1, 0, 5;
    %store/vec4 v0x5607139ab570_0, 0, 5;
    %load/vec4 v0x5607139ab570_0;
    %store/vec4 v0x5607139aaf90_0, 0, 5;
T_4.14 ;
    %load/vec4 v0x5607139aa560_0;
    %load/vec4 v0x5607139aaf90_0;
    %ix/load 5, 1, 0;
    %flag_set/imm 4, 0;
    %shiftr 5;
    %ix/vec4 4;
    %load/vec4a v0x5607139aae10, 4;
    %parti/s 8, 0, 2;
    %cmp/u;
    %jmp/0xz T_4.15, 5;
    %load/vec4 v0x5607139aaf90_0;
    %ix/load 5, 1, 0;
    %flag_set/imm 4, 0;
    %shiftr 5;
    %ix/vec4 4;
    %load/vec4a v0x5607139aae10, 4;
    %ix/getv 4, v0x5607139aaf90_0;
    %store/vec4a v0x5607139aae10, 4, 0;
    %load/vec4 v0x5607139aaf90_0;
    %ix/load 4, 1, 0;
    %flag_set/imm 4, 0;
    %shiftr 4;
    %store/vec4 v0x5607139aaf90_0, 0, 5;
    %jmp T_4.14;
T_4.15 ;
    %load/vec4 v0x5607139ab070_0;
    %ix/getv 4, v0x5607139aaf90_0;
    %store/vec4a v0x5607139aae10, 4, 0;
    %end;
S_0x5607139aa640 .scope task, "percDown" "percDown" 3 43, 3 43 0, S_0x5607139a9f20;
 .timescale -9 -12;
v0x5607139aa810_0 .var "mole", 0 0;
TD_testbench.INSTANCE2.percDown ;
    %pushi/vec4 1, 0, 1;
    %store/vec4 v0x5607139aaed0_0, 0, 1;
    %load/vec4 v0x5607139aa810_0;
    %pad/u 5;
    %ix/vec4 4;
    %load/vec4a v0x5607139aae10, 4;
    %store/vec4 v0x5607139ab730_0, 0, 13;
    %load/vec4 v0x5607139aa810_0;
    %pad/u 5;
    %store/vec4 v0x5607139ab650_0, 0, 5;
T_5.16 ;
    %load/vec4 v0x5607139aaed0_0;
    %pad/u 32;
    %pushi/vec4 0, 0, 32;
    %cmp/e;
    %flag_get/vec4 6;
    %inv;
    %load/vec4 v0x5607139ab650_0;
    %ix/load 4, 1, 0;
    %flag_set/imm 4, 0;
    %shiftl 4;
    %load/vec4 v0x5607139ab570_0;
    %cmp/u;
    %flag_get/vec4 4;
    %flag_get/vec4 5;
    %or;
    %and;
    %flag_set/vec4 8;
    %jmp/0xz T_5.17, 8;
    %load/vec4 v0x5607139ab650_0;
    %ix/load 4, 1, 0;
    %flag_set/imm 4, 0;
    %shiftl 4;
    %store/vec4 v0x5607139aaab0_0, 0, 5;
    %load/vec4 v0x5607139aaab0_0;
    %load/vec4 v0x5607139ab570_0;
    %cmp/e;
    %flag_get/vec4 6;
    %inv;
    %load/vec4 v0x5607139aaab0_0;
    %pad/u 33;
    %addi 1, 0, 33;
    %ix/vec4 4;
    %load/vec4a v0x5607139aae10, 4;
    %parti/s 8, 0, 2;
    %ix/getv 4, v0x5607139aaab0_0;
    %load/vec4a v0x5607139aae10, 4;
    %parti/s 8, 0, 2;
    %cmp/u;
    %flag_get/vec4 5;
    %and;
    %flag_set/vec4 8;
    %jmp/0xz  T_5.18, 8;
    %load/vec4 v0x5607139aaab0_0;
    %addi 1, 0, 5;
    %store/vec4 v0x5607139aaab0_0, 0, 5;
T_5.18 ;
    %ix/getv 4, v0x5607139aaab0_0;
    %load/vec4a v0x5607139aae10, 4;
    %parti/s 8, 0, 2;
    %load/vec4 v0x5607139ab730_0;
    %parti/s 8, 0, 2;
    %cmp/u;
    %jmp/0xz  T_5.20, 5;
    %ix/getv 4, v0x5607139aaab0_0;
    %load/vec4a v0x5607139aae10, 4;
    %ix/getv 4, v0x5607139ab650_0;
    %store/vec4a v0x5607139aae10, 4, 0;
    %jmp T_5.21;
T_5.20 ;
    %pushi/vec4 0, 0, 1;
    %store/vec4 v0x5607139aaed0_0, 0, 1;
T_5.21 ;
    %load/vec4 v0x5607139aaed0_0;
    %flag_set/vec4 8;
    %jmp/0xz  T_5.22, 8;
    %load/vec4 v0x5607139aaab0_0;
    %store/vec4 v0x5607139ab650_0, 0, 5;
T_5.22 ;
    %jmp T_5.16;
T_5.17 ;
    %load/vec4 v0x5607139ab730_0;
    %ix/getv 4, v0x5607139ab650_0;
    %store/vec4a v0x5607139aae10, 4, 0;
    %end;
    .scope S_0x560713904270;
T_6 ;
    %pushi/vec4 0, 0, 1;
    %store/vec4 v0x5607139a91e0_0, 0, 1;
    %pushi/vec4 0, 0, 1;
    %store/vec4 v0x5607139a9ca0_0, 0, 1;
    %pushi/vec4 1, 0, 1;
    %store/vec4 v0x5607139a9780_0, 0, 1;
    %pushi/vec4 1, 0, 5;
    %store/vec4 v0x5607139a90b0_0, 0, 5;
    %pushi/vec4 10, 0, 5;
    %store/vec4 v0x5607139a8d50_0, 0, 5;
    %pushi/vec4 0, 0, 5;
    %store/vec4 v0x5607139a9a00_0, 0, 5;
    %pushi/vec4 0, 0, 5;
    %store/vec4 v0x5607139a95e0_0, 0, 5;
T_6.0 ;
    %load/vec4 v0x5607139a95e0_0;
    %pad/u 32;
    %cmpi/u 11, 0, 32;
    %jmp/0xz T_6.1, 5;
    %pushi/vec4 0, 0, 13;
    %ix/getv 4, v0x5607139a95e0_0;
    %store/vec4a v0x5607139a92a0, 4, 0;
    %load/vec4 v0x5607139a95e0_0;
    %addi 1, 0, 5;
    %store/vec4 v0x5607139a95e0_0, 0, 5;
    %jmp T_6.0;
T_6.1 ;
    %pushi/vec4 0, 0, 5;
    %store/vec4 v0x5607139a9ae0_0, 0, 5;
    %pushi/vec4 0, 0, 5;
    %store/vec4 v0x5607139a9420_0, 0, 5;
    %pushi/vec4 0, 0, 5;
    %store/vec4 v0x5607139a8f30_0, 0, 5;
    %pushi/vec4 0, 0, 13;
    %store/vec4 v0x5607139a9bc0_0, 0, 13;
    %pushi/vec4 0, 0, 13;
    %store/vec4 v0x5607139a9500_0, 0, 13;
    %end;
    .thread T_6;
    .scope S_0x560713904270;
T_7 ;
    %wait E_0x56071395cbc0;
    %load/vec4 v0x5607139a9920_0;
    %dup/vec4;
    %pushi/vec4 2, 0, 2;
    %cmp/u;
    %jmp/1 T_7.0, 6;
    %dup/vec4;
    %pushi/vec4 3, 0, 2;
    %cmp/u;
    %jmp/1 T_7.1, 6;
    %dup/vec4;
    %pushi/vec4 0, 0, 2;
    %cmp/u;
    %jmp/1 T_7.2, 6;
    %jmp T_7.3;
T_7.0 ;
    %pushi/vec4 1, 0, 1;
    %store/vec4 v0x5607139a9ca0_0, 0, 1;
    %pushi/vec4 0, 0, 1;
    %store/vec4 v0x5607139a9780_0, 0, 1;
    %load/vec4 v0x5607139a9a00_0;
    %load/vec4 v0x5607139a8d50_0;
    %cmp/u;
    %jmp/0xz  T_7.4, 5;
    %load/vec4 v0x5607139a9d60_0;
    %store/vec4 v0x560713968ba0_0, 0, 5;
    %load/vec4 v0x5607139a8e50_0;
    %store/vec4 v0x56071396e360_0, 0, 8;
    %fork TD_testbench.INSTANCE1.insert, S_0x560713952320;
    %join;
T_7.4 ;
    %jmp T_7.3;
T_7.1 ;
    %pushi/vec4 1, 0, 1;
    %store/vec4 v0x5607139a9ca0_0, 0, 1;
    %pushi/vec4 0, 0, 1;
    %store/vec4 v0x5607139a9780_0, 0, 1;
    %fork TD_testbench.INSTANCE1.delMin, S_0x560713952150;
    %join;
    %jmp T_7.3;
T_7.2 ;
    %load/vec4 v0x5607139a9a00_0;
    %pad/u 32;
    %cmpi/e 0, 0, 32;
    %jmp/0xz  T_7.6, 6;
    %pushi/vec4 1, 0, 1;
    %store/vec4 v0x5607139a9ca0_0, 0, 1;
    %pushi/vec4 0, 0, 1;
    %store/vec4 v0x5607139a9780_0, 0, 1;
    %jmp T_7.7;
T_7.6 ;
    %load/vec4 v0x5607139a91e0_0;
    %pad/u 32;
    %cmpi/e 1, 0, 32;
    %jmp/0xz  T_7.8, 6;
    %pushi/vec4 0, 0, 1;
    %store/vec4 v0x5607139a91e0_0, 0, 1;
    %pushi/vec4 1, 0, 1;
    %store/vec4 v0x5607139a9ca0_0, 0, 1;
    %pushi/vec4 0, 0, 1;
    %store/vec4 v0x5607139a9780_0, 0, 1;
    %jmp T_7.9;
T_7.8 ;
    %load/vec4 v0x5607139a9ca0_0;
    %pad/u 32;
    %cmpi/e 1, 0, 32;
    %jmp/0xz  T_7.10, 6;
    %pushi/vec4 0, 0, 1;
    %store/vec4 v0x5607139a9ca0_0, 0, 1;
    %pushi/vec4 1, 0, 1;
    %store/vec4 v0x5607139a9780_0, 0, 1;
    %pushi/vec4 1, 0, 5;
    %store/vec4 v0x5607139a90b0_0, 0, 5;
    %jmp T_7.11;
T_7.10 ;
    %pushi/vec4 1, 0, 1;
    %store/vec4 v0x5607139a96c0_0, 0, 1;
T_7.12 ;
    %load/vec4 v0x5607139a96c0_0;
    %load/vec4 v0x5607139a90b0_0;
    %pad/u 32;
    %load/vec4 v0x5607139a9a00_0;
    %pad/u 32;
    %addi 1, 0, 32;
    %cmp/e;
    %flag_get/vec4 6;
    %inv;
    %and;
    %flag_set/vec4 8;
    %jmp/0xz T_7.13, 8;
    %ix/getv 4, v0x5607139a90b0_0;
    %load/vec4a v0x5607139a92a0, 4;
    %parti/s 5, 8, 5;
    %cmpi/ne 0, 0, 5;
    %jmp/0xz  T_7.14, 4;
    %ix/getv 4, v0x5607139a90b0_0;
    %load/vec4a v0x5607139a92a0, 4;
    %parti/s 5, 8, 5;
    %store/vec4 v0x5607139a9840_0, 0, 5;
    %load/vec4 v0x5607139a90b0_0;
    %addi 1, 0, 5;
    %store/vec4 v0x5607139a90b0_0, 0, 5;
    %pushi/vec4 0, 0, 1;
    %store/vec4 v0x5607139a96c0_0, 0, 1;
    %jmp T_7.15;
T_7.14 ;
    %load/vec4 v0x5607139a90b0_0;
    %addi 1, 0, 5;
    %store/vec4 v0x5607139a90b0_0, 0, 5;
T_7.15 ;
    %jmp T_7.12;
T_7.13 ;
    %load/vec4 v0x5607139a90b0_0;
    %pad/u 32;
    %load/vec4 v0x5607139a9a00_0;
    %pad/u 32;
    %addi 1, 0, 32;
    %cmp/e;
    %jmp/0xz  T_7.16, 6;
    %pushi/vec4 1, 0, 1;
    %store/vec4 v0x5607139a91e0_0, 0, 1;
T_7.16 ;
T_7.11 ;
T_7.9 ;
T_7.7 ;
    %jmp T_7.3;
T_7.3 ;
    %pop/vec4 1;
    %jmp T_7;
    .thread T_7;
    .scope S_0x5607139a9f20;
T_8 ;
    %pushi/vec4 0, 0, 1;
    %store/vec4 v0x5607139aad50_0, 0, 1;
    %pushi/vec4 0, 0, 1;
    %store/vec4 v0x5607139ab810_0, 0, 1;
    %pushi/vec4 1, 0, 1;
    %store/vec4 v0x5607139ab2f0_0, 0, 1;
    %pushi/vec4 1, 0, 5;
    %store/vec4 v0x5607139aac40_0, 0, 5;
    %pushi/vec4 10, 0, 5;
    %store/vec4 v0x5607139aa8d0_0, 0, 5;
    %pushi/vec4 0, 0, 5;
    %store/vec4 v0x5607139ab570_0, 0, 5;
    %pushi/vec4 0, 0, 5;
    %store/vec4 v0x5607139ab150_0, 0, 5;
T_8.0 ;
    %load/vec4 v0x5607139ab150_0;
    %pad/u 32;
    %cmpi/u 11, 0, 32;
    %jmp/0xz T_8.1, 5;
    %pushi/vec4 0, 0, 13;
    %ix/getv 4, v0x5607139ab150_0;
    %store/vec4a v0x5607139aae10, 4, 0;
    %load/vec4 v0x5607139ab150_0;
    %addi 1, 0, 5;
    %store/vec4 v0x5607139ab150_0, 0, 5;
    %jmp T_8.0;
T_8.1 ;
    %pushi/vec4 0, 0, 5;
    %store/vec4 v0x5607139ab650_0, 0, 5;
    %pushi/vec4 0, 0, 5;
    %store/vec4 v0x5607139aaf90_0, 0, 5;
    %pushi/vec4 0, 0, 5;
    %store/vec4 v0x5607139aaab0_0, 0, 5;
    %pushi/vec4 0, 0, 13;
    %store/vec4 v0x5607139ab730_0, 0, 13;
    %pushi/vec4 0, 0, 13;
    %store/vec4 v0x5607139ab070_0, 0, 13;
    %end;
    .thread T_8;
    .scope S_0x5607139a9f20;
T_9 ;
    %wait E_0x56071395cbc0;
    %load/vec4 v0x5607139ab490_0;
    %dup/vec4;
    %pushi/vec4 2, 0, 2;
    %cmp/u;
    %jmp/1 T_9.0, 6;
    %dup/vec4;
    %pushi/vec4 3, 0, 2;
    %cmp/u;
    %jmp/1 T_9.1, 6;
    %dup/vec4;
    %pushi/vec4 0, 0, 2;
    %cmp/u;
    %jmp/1 T_9.2, 6;
    %jmp T_9.3;
T_9.0 ;
    %pushi/vec4 1, 0, 1;
    %store/vec4 v0x5607139ab810_0, 0, 1;
    %pushi/vec4 0, 0, 1;
    %store/vec4 v0x5607139ab2f0_0, 0, 1;
    %load/vec4 v0x5607139ab570_0;
    %load/vec4 v0x5607139aa8d0_0;
    %cmp/u;
    %jmp/0xz  T_9.4, 5;
    %load/vec4 v0x5607139ab8d0_0;
    %store/vec4 v0x5607139aa480_0, 0, 5;
    %load/vec4 v0x5607139aa9d0_0;
    %store/vec4 v0x5607139aa560_0, 0, 8;
    %fork TD_testbench.INSTANCE2.insert, S_0x5607139aa290;
    %join;
T_9.4 ;
    %jmp T_9.3;
T_9.1 ;
    %pushi/vec4 1, 0, 1;
    %store/vec4 v0x5607139ab810_0, 0, 1;
    %pushi/vec4 0, 0, 1;
    %store/vec4 v0x5607139ab2f0_0, 0, 1;
    %fork TD_testbench.INSTANCE2.delMin, S_0x5607139aa0c0;
    %join;
    %jmp T_9.3;
T_9.2 ;
    %load/vec4 v0x5607139ab570_0;
    %pad/u 32;
    %cmpi/e 0, 0, 32;
    %jmp/0xz  T_9.6, 6;
    %pushi/vec4 1, 0, 1;
    %store/vec4 v0x5607139ab810_0, 0, 1;
    %pushi/vec4 0, 0, 1;
    %store/vec4 v0x5607139ab2f0_0, 0, 1;
    %jmp T_9.7;
T_9.6 ;
    %load/vec4 v0x5607139aad50_0;
    %pad/u 32;
    %cmpi/e 1, 0, 32;
    %jmp/0xz  T_9.8, 6;
    %pushi/vec4 0, 0, 1;
    %store/vec4 v0x5607139aad50_0, 0, 1;
    %pushi/vec4 1, 0, 1;
    %store/vec4 v0x5607139ab810_0, 0, 1;
    %pushi/vec4 0, 0, 1;
    %store/vec4 v0x5607139ab2f0_0, 0, 1;
    %jmp T_9.9;
T_9.8 ;
    %load/vec4 v0x5607139ab810_0;
    %pad/u 32;
    %cmpi/e 1, 0, 32;
    %jmp/0xz  T_9.10, 6;
    %pushi/vec4 0, 0, 1;
    %store/vec4 v0x5607139ab810_0, 0, 1;
    %pushi/vec4 1, 0, 1;
    %store/vec4 v0x5607139ab2f0_0, 0, 1;
    %pushi/vec4 1, 0, 5;
    %store/vec4 v0x5607139aac40_0, 0, 5;
    %jmp T_9.11;
T_9.10 ;
    %pushi/vec4 1, 0, 1;
    %store/vec4 v0x5607139ab230_0, 0, 1;
T_9.12 ;
    %load/vec4 v0x5607139ab230_0;
    %load/vec4 v0x5607139aac40_0;
    %pad/u 32;
    %load/vec4 v0x5607139ab570_0;
    %pad/u 32;
    %addi 1, 0, 32;
    %cmp/e;
    %flag_get/vec4 6;
    %inv;
    %and;
    %flag_set/vec4 8;
    %jmp/0xz T_9.13, 8;
    %ix/getv 4, v0x5607139aac40_0;
    %load/vec4a v0x5607139aae10, 4;
    %parti/s 5, 8, 5;
    %cmpi/ne 0, 0, 5;
    %jmp/0xz  T_9.14, 4;
    %ix/getv 4, v0x5607139aac40_0;
    %load/vec4a v0x5607139aae10, 4;
    %parti/s 5, 8, 5;
    %store/vec4 v0x5607139ab3b0_0, 0, 5;
    %load/vec4 v0x5607139aac40_0;
    %addi 1, 0, 5;
    %store/vec4 v0x5607139aac40_0, 0, 5;
    %pushi/vec4 0, 0, 1;
    %store/vec4 v0x5607139ab230_0, 0, 1;
    %jmp T_9.15;
T_9.14 ;
    %load/vec4 v0x5607139aac40_0;
    %addi 1, 0, 5;
    %store/vec4 v0x5607139aac40_0, 0, 5;
T_9.15 ;
    %jmp T_9.12;
T_9.13 ;
    %load/vec4 v0x5607139aac40_0;
    %pad/u 32;
    %load/vec4 v0x5607139ab570_0;
    %pad/u 32;
    %addi 1, 0, 32;
    %cmp/e;
    %jmp/0xz  T_9.16, 6;
    %pushi/vec4 1, 0, 1;
    %store/vec4 v0x5607139aad50_0, 0, 1;
T_9.16 ;
T_9.11 ;
T_9.9 ;
T_9.7 ;
    %jmp T_9.3;
T_9.3 ;
    %pop/vec4 1;
    %jmp T_9;
    .thread T_9;
    .scope S_0x5607139040f0;
T_10 ;
    %pushi/vec4 0, 0, 32;
    %store/vec4 v0x5607139ac8f0_0, 0, 32;
    %pushi/vec4 1, 0, 32;
    %store/vec4 v0x5607139abd10_0, 0, 32;
    %pushi/vec4 1, 0, 32;
    %store/vec4 v0x5607139ac280_0, 0, 32;
    %end;
    .thread T_10;
    .scope S_0x5607139040f0;
T_11 ;
    %pushi/vec4 0, 0, 1;
    %store/vec4 v0x5607139abc40_0, 0, 1;
    %pushi/vec4 11, 0, 32;
    %ix/load 4, 0, 0;
    %flag_set/imm 4, 0;
    %store/vec4a v0x5607139abee0, 4, 0;
    %pushi/vec4 10, 0, 32;
    %ix/load 4, 1, 0;
    %flag_set/imm 4, 0;
    %store/vec4a v0x5607139abee0, 4, 0;
    %pushi/vec4 9, 0, 32;
    %ix/load 4, 2, 0;
    %flag_set/imm 4, 0;
    %store/vec4a v0x5607139abee0, 4, 0;
    %pushi/vec4 6, 0, 32;
    %ix/load 4, 3, 0;
    %flag_set/imm 4, 0;
    %store/vec4a v0x5607139abee0, 4, 0;
    %pushi/vec4 7, 0, 32;
    %ix/load 4, 4, 0;
    %flag_set/imm 4, 0;
    %store/vec4a v0x5607139abee0, 4, 0;
    %pushi/vec4 8, 0, 32;
    %ix/load 4, 5, 0;
    %flag_set/imm 4, 0;
    %store/vec4a v0x5607139abee0, 4, 0;
    %pushi/vec4 5, 0, 32;
    %ix/load 4, 6, 0;
    %flag_set/imm 4, 0;
    %store/vec4a v0x5607139abee0, 4, 0;
    %pushi/vec4 4, 0, 32;
    %ix/load 4, 7, 0;
    %flag_set/imm 4, 0;
    %store/vec4a v0x5607139abee0, 4, 0;
    %pushi/vec4 3, 0, 32;
    %ix/load 4, 8, 0;
    %flag_set/imm 4, 0;
    %store/vec4a v0x5607139abee0, 4, 0;
    %pushi/vec4 2, 0, 32;
    %ix/load 4, 9, 0;
    %flag_set/imm 4, 0;
    %store/vec4a v0x5607139abee0, 4, 0;
    %pushi/vec4 2, 0, 5;
    %ix/load 4, 0, 0;
    %flag_set/imm 4, 0;
    %store/vec4a v0x5607139ac4e0, 4, 0;
    %pushi/vec4 3, 0, 5;
    %ix/load 4, 1, 0;
    %flag_set/imm 4, 0;
    %store/vec4a v0x5607139ac4e0, 4, 0;
    %pushi/vec4 6, 0, 5;
    %ix/load 4, 2, 0;
    %flag_set/imm 4, 0;
    %store/vec4a v0x5607139ac4e0, 4, 0;
    %pushi/vec4 5, 0, 5;
    %ix/load 4, 3, 0;
    %flag_set/imm 4, 0;
    %store/vec4a v0x5607139ac4e0, 4, 0;
    %pushi/vec4 4, 0, 5;
    %ix/load 4, 4, 0;
    %flag_set/imm 4, 0;
    %store/vec4a v0x5607139ac4e0, 4, 0;
    %pushi/vec4 10, 0, 5;
    %ix/load 4, 5, 0;
    %flag_set/imm 4, 0;
    %store/vec4a v0x5607139ac4e0, 4, 0;
    %pushi/vec4 8, 0, 5;
    %ix/load 4, 6, 0;
    %flag_set/imm 4, 0;
    %store/vec4a v0x5607139ac4e0, 4, 0;
    %pushi/vec4 11, 0, 5;
    %ix/load 4, 7, 0;
    %flag_set/imm 4, 0;
    %store/vec4a v0x5607139ac4e0, 4, 0;
    %pushi/vec4 7, 0, 5;
    %ix/load 4, 8, 0;
    %flag_set/imm 4, 0;
    %store/vec4a v0x5607139ac4e0, 4, 0;
    %pushi/vec4 9, 0, 5;
    %ix/load 4, 9, 0;
    %flag_set/imm 4, 0;
    %store/vec4a v0x5607139ac4e0, 4, 0;
    %pushi/vec4 5, 0, 5;
    %ix/load 4, 0, 0;
    %flag_set/imm 4, 0;
    %store/vec4a v0x5607139ac580, 4, 0;
    %pushi/vec4 7, 0, 5;
    %ix/load 4, 1, 0;
    %flag_set/imm 4, 0;
    %store/vec4a v0x5607139ac580, 4, 0;
    %pushi/vec4 6, 0, 5;
    %ix/load 4, 2, 0;
    %flag_set/imm 4, 0;
    %store/vec4a v0x5607139ac580, 4, 0;
    %pushi/vec4 11, 0, 5;
    %ix/load 4, 3, 0;
    %flag_set/imm 4, 0;
    %store/vec4a v0x5607139ac580, 4, 0;
    %pushi/vec4 9, 0, 5;
    %ix/load 4, 4, 0;
    %flag_set/imm 4, 0;
    %store/vec4a v0x5607139ac580, 4, 0;
    %pushi/vec4 10, 0, 5;
    %ix/load 4, 5, 0;
    %flag_set/imm 4, 0;
    %store/vec4a v0x5607139ac580, 4, 0;
    %pushi/vec4 8, 0, 5;
    %ix/load 4, 6, 0;
    %flag_set/imm 4, 0;
    %store/vec4a v0x5607139ac580, 4, 0;
    %end;
    .thread T_11;
    .scope S_0x5607139040f0;
T_12 ;
    %delay 5000, 0;
    %load/vec4 v0x5607139abc40_0;
    %inv;
    %store/vec4 v0x5607139abc40_0, 0, 1;
    %jmp T_12;
    .thread T_12;
    .scope S_0x5607139040f0;
T_13 ;
    %vpi_call 2 59 "$display", "Starting Testbench" {0 0 0};
    %vpi_call 2 60 "$display", "Check listBusy==0 when mode is checkIn" {0 0 0};
    %pushi/vec4 2, 0, 2;
    %store/vec4 v0x5607139ac320_0, 0, 2;
    %ix/load 4, 0, 0;
    %flag_set/imm 4, 0;
    %load/vec4a v0x5607139abee0, 4;
    %pad/s 5;
    %store/vec4 v0x5607139ac990_0, 0, 5;
    %ix/load 4, 0, 0;
    %flag_set/imm 4, 0;
    %load/vec4a v0x5607139abee0, 4;
    %pad/s 8;
    %store/vec4 v0x5607139aba90_0, 0, 8;
    %delay 6000, 0;
    %load/vec4 v0x5607139abfa0_0;
    %pad/u 32;
    %cmpi/e 0, 0, 32;
    %jmp/0xz  T_13.0, 4;
    %load/vec4 v0x5607139ac8f0_0;
    %addi 1, 0, 32;
    %store/vec4 v0x5607139ac8f0_0, 0, 32;
    %vpi_call 2 65 "$display", "time:%2d", $time, ",PASSED: listBusy==0." {0 0 0};
    %jmp T_13.1;
T_13.0 ;
    %vpi_call 2 65 "$display", "time:%2d", $time, ",FAILED: In checkIn mode listBusy should be 0." {0 0 0};
T_13.1 ;
    %delay 1000, 0;
    %pushi/vec4 2, 0, 32;
    %store/vec4 v0x5607139abdb0_0, 0, 32;
T_13.2 ;
    %load/vec4 v0x5607139abdb0_0;
    %cmpi/s 10, 0, 32;
    %flag_or 5, 4;
    %jmp/0xz T_13.3, 5;
    %load/vec4 v0x5607139abdb0_0;
    %subi 1, 0, 32;
    %ix/vec4/s 4;
    %load/vec4a v0x5607139abee0, 4;
    %pad/s 5;
    %store/vec4 v0x5607139ac990_0, 0, 5;
    %load/vec4 v0x5607139abdb0_0;
    %subi 1, 0, 32;
    %ix/vec4/s 4;
    %load/vec4a v0x5607139abee0, 4;
    %pad/s 8;
    %store/vec4 v0x5607139aba90_0, 0, 8;
    %delay 10000, 0;
    %load/vec4 v0x5607139abdb0_0;
    %addi 1, 0, 32;
    %store/vec4 v0x5607139abdb0_0, 0, 32;
    %jmp T_13.2;
T_13.3 ;
    %delay 1000, 0;
    %pushi/vec4 0, 0, 2;
    %store/vec4 v0x5607139ac320_0, 0, 2;
    %vpi_call 2 75 "$display", "In list mode, check listBusy=1 and ready=0 while listing studentIDs" {0 0 0};
    %delay 10000, 0;
    %load/vec4 v0x5607139abfa0_0;
    %pad/u 32;
    %cmpi/e 1, 0, 32;
    %jmp/0xz  T_13.4, 4;
    %load/vec4 v0x5607139ac8f0_0;
    %addi 1, 0, 32;
    %store/vec4 v0x5607139ac8f0_0, 0, 32;
    %vpi_call 2 77 "$display", "time:%2d", $time, ",PASSED: listBusy==1." {0 0 0};
    %jmp T_13.5;
T_13.4 ;
    %vpi_call 2 77 "$display", "time:%2d", $time, ",FAILED: While listing studentIDs listBusy should be 1." {0 0 0};
T_13.5 ;
    %load/vec4 v0x5607139ac640_0;
    %pad/u 32;
    %cmpi/e 0, 0, 32;
    %jmp/0xz  T_13.6, 4;
    %load/vec4 v0x5607139ac8f0_0;
    %addi 1, 0, 32;
    %store/vec4 v0x5607139ac8f0_0, 0, 32;
    %vpi_call 2 78 "$display", "time:%2d", $time, ",PASSED: Ready==0." {0 0 0};
    %jmp T_13.7;
T_13.6 ;
    %vpi_call 2 78 "$display", "time:%2d", $time, ",FAILED: While listing studentIDs ready should be 0." {0 0 0};
T_13.7 ;
    %vpi_call 2 79 "$display", "The heap contents that must be listed in the following order: 2,3,6,5,4,10,8,11,7,9" {0 0 0};
    %pushi/vec4 1, 0, 32;
    %store/vec4 v0x5607139abdb0_0, 0, 32;
T_13.8 ;
    %load/vec4 v0x5607139abdb0_0;
    %cmpi/s 10, 0, 32;
    %flag_or 5, 4;
    %jmp/0xz T_13.9, 5;
    %load/vec4 v0x5607139ac0e0_0;
    %load/vec4 v0x5607139abdb0_0;
    %subi 1, 0, 32;
    %ix/vec4/s 4;
    %load/vec4a v0x5607139ac4e0, 4;
    %cmp/e;
    %jmp/0xz  T_13.10, 4;
    %load/vec4 v0x5607139abdb0_0;
    %subi 1, 0, 32;
    %ix/vec4/s 4;
    %load/vec4a v0x5607139ac4e0, 4;
    %vpi_call 2 82 "$display", "time:%2d", $time, ",PASSED: heap[%2d]==%2d.", v0x5607139abdb0_0, S<0,vec4,u5> {1 0 0};
    %jmp T_13.11;
T_13.10 ;
    %load/vec4 v0x5607139abdb0_0;
    %subi 1, 0, 32;
    %ix/vec4/s 4;
    %load/vec4a v0x5607139ac4e0, 4;
    %vpi_call 2 85 "$display", "time:%2d", $time, ",FAILED: The %2d. element in the heap should be %d , but your listOutput is %d.", v0x5607139abdb0_0, S<0,vec4,u5>, v0x5607139ac0e0_0 {1 0 0};
    %pushi/vec4 0, 0, 32;
    %store/vec4 v0x5607139ac280_0, 0, 32;
T_13.11 ;
    %delay 10000, 0;
    %load/vec4 v0x5607139abdb0_0;
    %addi 1, 0, 32;
    %store/vec4 v0x5607139abdb0_0, 0, 32;
    %jmp T_13.8;
T_13.9 ;
    %load/vec4 v0x5607139ac280_0;
    %cmpi/e 1, 0, 32;
    %jmp/0xz  T_13.12, 4;
    %load/vec4 v0x5607139ac8f0_0;
    %addi 10, 0, 32;
    %store/vec4 v0x5607139ac8f0_0, 0, 32;
T_13.12 ;
    %vpi_call 2 91 "$display", "Finished checking heap contents." {0 0 0};
    %vpi_call 2 92 "$display", "After listing finishes, check ready=1 and listBusy=0" {0 0 0};
    %load/vec4 v0x5607139abfa0_0;
    %pad/u 32;
    %cmpi/e 0, 0, 32;
    %jmp/0xz  T_13.14, 4;
    %load/vec4 v0x5607139ac8f0_0;
    %addi 1, 0, 32;
    %store/vec4 v0x5607139ac8f0_0, 0, 32;
    %vpi_call 2 93 "$display", "time:%2d", $time, ",PASSED: listBusy==0." {0 0 0};
    %jmp T_13.15;
T_13.14 ;
    %vpi_call 2 93 "$display", "time:%2d", $time, ",FAILED: After listing finished, listBusy should be 0." {0 0 0};
T_13.15 ;
    %load/vec4 v0x5607139ac640_0;
    %pad/u 32;
    %cmpi/e 1, 0, 32;
    %jmp/0xz  T_13.16, 4;
    %load/vec4 v0x5607139ac8f0_0;
    %addi 1, 0, 32;
    %store/vec4 v0x5607139ac8f0_0, 0, 32;
    %vpi_call 2 94 "$display", "time:%2d", $time, ",PASSED: Ready==1." {0 0 0};
    %jmp T_13.17;
T_13.16 ;
    %vpi_call 2 94 "$display", "time:%2d", $time, ",FAILED: After listing finished, ready should be 1." {0 0 0};
T_13.17 ;
    %vpi_call 2 95 "$display", "Listing starts from the beginning: check ready=0, listBusy=1, listOutput=2" {0 0 0};
    %delay 10000, 0;
    %load/vec4 v0x5607139abfa0_0;
    %pad/u 32;
    %cmpi/e 1, 0, 32;
    %jmp/0xz  T_13.18, 4;
    %load/vec4 v0x5607139ac8f0_0;
    %addi 1, 0, 32;
    %store/vec4 v0x5607139ac8f0_0, 0, 32;
    %vpi_call 2 97 "$display", "time:%2d", $time, ",PASSED: listBusy==1." {0 0 0};
    %jmp T_13.19;
T_13.18 ;
    %vpi_call 2 97 "$display", "time:%2d", $time, ",FAILED: While listing studentIDs listBusy should be 1." {0 0 0};
T_13.19 ;
    %load/vec4 v0x5607139ac640_0;
    %pad/u 32;
    %cmpi/e 0, 0, 32;
    %jmp/0xz  T_13.20, 4;
    %load/vec4 v0x5607139ac8f0_0;
    %addi 1, 0, 32;
    %store/vec4 v0x5607139ac8f0_0, 0, 32;
    %vpi_call 2 98 "$display", "time:%2d", $time, ",PASSED: ready==0." {0 0 0};
    %jmp T_13.21;
T_13.20 ;
    %vpi_call 2 98 "$display", "time:%2d", $time, ",FAILED: While listing studentIDs ready should be 0." {0 0 0};
T_13.21 ;
    %load/vec4 v0x5607139ac0e0_0;
    %ix/load 4, 0, 0;
    %flag_set/imm 4, 0;
    %load/vec4a v0x5607139ac4e0, 4;
    %cmp/e;
    %jmp/0xz  T_13.22, 4;
    %load/vec4 v0x5607139ac8f0_0;
    %addi 1, 0, 32;
    %store/vec4 v0x5607139ac8f0_0, 0, 32;
    %vpi_call 2 99 "$display", "time:%2d", $time, ",PASSED: listOutput==2." {0 0 0};
    %jmp T_13.23;
T_13.22 ;
    %vpi_call 2 99 "$display", "time:%2d", $time, ",FAILED: Listing should start from the beginning. The first element in the list should be  %d.", &A<v0x5607139ac4e0, 0> {0 0 0};
T_13.23 ;
    %vpi_call 2 100 "$display", "Check If pharmacy capacity is full then the student is not allowed to enter the pharmacy." {0 0 0};
    %delay 1000, 0;
    %pushi/vec4 2, 0, 2;
    %store/vec4 v0x5607139ac320_0, 0, 2;
    %delay 1000, 0;
    %pushi/vec4 1, 0, 5;
    %store/vec4 v0x5607139ac990_0, 0, 5;
    %pushi/vec4 1, 0, 8;
    %store/vec4 v0x5607139aba90_0, 0, 8;
    %delay 6000, 0;
    %pushi/vec4 0, 0, 2;
    %store/vec4 v0x5607139ac320_0, 0, 2;
    %delay 10000, 0;
    %load/vec4 v0x5607139ac0e0_0;
    %ix/load 4, 0, 0;
    %flag_set/imm 4, 0;
    %load/vec4a v0x5607139ac4e0, 4;
    %cmp/e;
    %jmp/0xz  T_13.24, 4;
    %load/vec4 v0x5607139ac8f0_0;
    %addi 2, 0, 32;
    %store/vec4 v0x5607139ac8f0_0, 0, 32;
    %vpi_call 2 109 "$display", "time:%2d", $time, ",PASSED: heap[%2d]==%2d.", 32'sb00000000000000000000000000000001, &A<v0x5607139ac4e0, 0> {0 0 0};
    %jmp T_13.25;
T_13.24 ;
    %vpi_call 2 109 "$display", "time:%2d", $time, ",FAILED: If pharmacy capacity is full then the student should not be added to the pharmacy. The first elemant in the heap should be %d but you listed %2d.", &A<v0x5607139ac4e0, 0>, v0x5607139ac0e0_0 {0 0 0};
T_13.25 ;
    %pushi/vec4 2, 0, 2;
    %store/vec4 v0x5607139ac410_0, 0, 2;
    %vpi_call 2 112 "$display", "inserting students 11,10,9,6,7,8,5,4,3,2" {0 0 0};
    %pushi/vec4 1, 0, 32;
    %store/vec4 v0x5607139abdb0_0, 0, 32;
T_13.26 ;
    %load/vec4 v0x5607139abdb0_0;
    %cmpi/s 10, 0, 32;
    %flag_or 5, 4;
    %jmp/0xz T_13.27, 5;
    %load/vec4 v0x5607139abdb0_0;
    %subi 1, 0, 32;
    %ix/vec4/s 4;
    %load/vec4a v0x5607139abee0, 4;
    %pad/s 5;
    %store/vec4 v0x5607139aca80_0, 0, 5;
    %load/vec4 v0x5607139abdb0_0;
    %subi 1, 0, 32;
    %ix/vec4/s 4;
    %load/vec4a v0x5607139abee0, 4;
    %pad/s 8;
    %store/vec4 v0x5607139abb70_0, 0, 8;
    %delay 10000, 0;
    %load/vec4 v0x5607139abdb0_0;
    %addi 1, 0, 32;
    %store/vec4 v0x5607139abdb0_0, 0, 32;
    %jmp T_13.26;
T_13.27 ;
    %delay 1000, 0;
    %vpi_call 2 120 "$display", "delete 3 times" {0 0 0};
    %pushi/vec4 3, 0, 2;
    %store/vec4 v0x5607139ac410_0, 0, 2;
    %delay 30000, 0;
    %delay 1000, 0;
    %pushi/vec4 0, 0, 2;
    %store/vec4 v0x5607139ac410_0, 0, 2;
    %vpi_call 2 125 "$display", "Heap contents must be listed in the following order: 5,7,6,11,9,10,8" {0 0 0};
    %pushi/vec4 1, 0, 32;
    %store/vec4 v0x5607139abdb0_0, 0, 32;
T_13.28 ;
    %load/vec4 v0x5607139abdb0_0;
    %cmpi/s 7, 0, 32;
    %flag_or 5, 4;
    %jmp/0xz T_13.29, 5;
    %delay 10000, 0;
    %load/vec4 v0x5607139ac1b0_0;
    %load/vec4 v0x5607139abdb0_0;
    %subi 1, 0, 32;
    %ix/vec4/s 4;
    %load/vec4a v0x5607139ac580, 4;
    %cmp/e;
    %jmp/0xz  T_13.30, 4;
    %load/vec4 v0x5607139abdb0_0;
    %subi 1, 0, 32;
    %ix/vec4/s 4;
    %load/vec4a v0x5607139ac580, 4;
    %vpi_call 2 129 "$display", "time:%2d", $time, ",PASSED: heap[%2d]==%2d.", v0x5607139abdb0_0, S<0,vec4,u5> {1 0 0};
    %jmp T_13.31;
T_13.30 ;
    %load/vec4 v0x5607139abdb0_0;
    %subi 1, 0, 32;
    %ix/vec4/s 4;
    %load/vec4a v0x5607139ac580, 4;
    %vpi_call 2 132 "$display", "time:%2d", $time, ",FAILED: The %2d. element in the heap should be %d, but your listOutput is %d.", v0x5607139abdb0_0, S<0,vec4,u5>, v0x5607139ac1b0_0 {1 0 0};
    %pushi/vec4 0, 0, 32;
    %store/vec4 v0x5607139abd10_0, 0, 32;
T_13.31 ;
    %load/vec4 v0x5607139abdb0_0;
    %addi 1, 0, 32;
    %store/vec4 v0x5607139abdb0_0, 0, 32;
    %jmp T_13.28;
T_13.29 ;
    %load/vec4 v0x5607139abd10_0;
    %cmpi/e 1, 0, 32;
    %jmp/0xz  T_13.32, 4;
    %load/vec4 v0x5607139ac8f0_0;
    %addi 10, 0, 32;
    %store/vec4 v0x5607139ac8f0_0, 0, 32;
T_13.32 ;
    %delay 1000, 0;
    %load/vec4 v0x5607139ac8f0_0;
    %muli 2, 0, 32;
    %vpi_call 2 139 "$display", "Result is:%d", S<0,vec4,s32> {1 0 0};
    %vpi_call 2 140 "$finish" {0 0 0};
    %end;
    .thread T_13;
# The file index is used to find the file name in the following table.
:file_names 4;
    "N/A";
    "<interactive>";
    "testbench.v";
    "lab4_2.v";
